{
  "stats": {
    "suites": 7,
    "tests": 74,
    "passes": 74,
    "pending": 0,
    "failures": 0,
    "testsRegistered": 74,
    "passPercent": 100,
    "pendingPercent": 0,
    "other": 0,
    "hasOther": false,
    "skipped": 0,
    "hasSkipped": false,
    "start": "2025-08-14T09:09:32.722Z",
    "end": "2025-08-14T09:14:13.904Z",
    "duration": 281182
  },
  "results": [
    {
      "uuid": "a6b89032-186a-430f-8dfe-27a732bef017",
      "title": "",
      "fullFile": "cypress\\integration\\addCustomer.test.js",
      "file": "cypress\\integration\\addCustomer.test.js",
      "beforeHooks": [],
      "afterHooks": [],
      "tests": [],
      "suites": [
        {
          "uuid": "bdae9dde-9457-4aed-8ebd-1573cfaaecce",
          "title": "Validasi Fitur Menambah Customer ",
          "fullFile": "",
          "file": "",
          "beforeHooks": [],
          "afterHooks": [],
          "tests": [
            {
              "title": "Harus berhasil menambah customer baru dengan data yang valid",
              "fullTitle": "Validasi Fitur Menambah Customer  Harus berhasil menambah customer baru dengan data yang valid",
              "timedOut": null,
              "duration": 3634,
              "state": "passed",
              "speed": "fast",
              "pass": true,
              "fail": false,
              "pending": false,
              "context": null,
              "code": "Banking.clickAddCustomer();\nBanking.fillCustomerDetails('agum', 'ruswandi', 'E12456');\nBanking.submitCustomerForm();\nBanking.verifyAlertText('Customer added successfully');",
              "err": {},
              "uuid": "01bbb66f-11d5-4566-9593-88224e04dc30",
              "parentUUID": "bdae9dde-9457-4aed-8ebd-1573cfaaecce",
              "isHook": false,
              "skipped": false
            },
            {
              "title": "Harus menampilkan pesan error saat penambahan customer duplikat dengan data yang sama",
              "fullTitle": "Validasi Fitur Menambah Customer  Harus menampilkan pesan error saat penambahan customer duplikat dengan data yang sama",
              "timedOut": null,
              "duration": 4181,
              "state": "passed",
              "speed": "fast",
              "pass": true,
              "fail": false,
              "pending": false,
              "context": null,
              "code": "//menambah custommer pertama\nBanking.clickAddCustomer();\nBanking.fillCustomerDetails('agum', 'ruswandi', 'E12456');\nBanking.submitCustomerForm();\nBanking.verifyAlertText('Customer added successfully');\n//menambah customer ke dua\nBanking.clickAddCustomer();\nBanking.fillCustomerDetails1('agum', 'ruswandi', 'E12456');\nBanking.submitCustomerForm();\n//validasi penambahan duplikat Customer\nBanking.navigateToCustomer();\n// Verifikasi bahwa \"agum\" muncul di tabel (dalam kolom First Name)\ncy.get('table').contains('td', 'agum').should('exist');",
              "err": {},
              "uuid": "4d9c4d78-dbe7-41cd-b192-df4e651a19b7",
              "parentUUID": "bdae9dde-9457-4aed-8ebd-1573cfaaecce",
              "isHook": false,
              "skipped": false
            },
            {
              "title": "Harus menampilkan pesan error saat menambah customer hanya dengan First Name",
              "fullTitle": "Validasi Fitur Menambah Customer  Harus menampilkan pesan error saat menambah customer hanya dengan First Name",
              "timedOut": null,
              "duration": 3608,
              "state": "passed",
              "speed": "fast",
              "pass": true,
              "fail": false,
              "pending": false,
              "context": null,
              "code": "Banking.clickAddCustomer();\nBanking.fillCustomerDetails1('agum', '', '');\nBanking.submitCustomerForm();\ncy.get('input[ng-model=\"lName\"]').should('have.prop', 'validationMessage', 'Please fill out this field.');\ncy.get('input[ng-model=\"postCd\"]').should('have.prop', 'validationMessage', 'Please fill out this field.');",
              "err": {},
              "uuid": "e8e4e372-34f4-4c37-9341-ebd4f7d5eb17",
              "parentUUID": "bdae9dde-9457-4aed-8ebd-1573cfaaecce",
              "isHook": false,
              "skipped": false
            },
            {
              "title": "Harus menampilkan pesan error saat menambah customer hanya dengan Last Name",
              "fullTitle": "Validasi Fitur Menambah Customer  Harus menampilkan pesan error saat menambah customer hanya dengan Last Name",
              "timedOut": null,
              "duration": 4439,
              "state": "passed",
              "speed": "fast",
              "pass": true,
              "fail": false,
              "pending": false,
              "context": null,
              "code": "Banking.clickAddCustomer();\nBanking.fillCustomerDetails1('', 'ruswandi', '');\nBanking.submitCustomerForm();\ncy.get('input[ng-model=\"fName\"]').should('have.prop', 'validationMessage', 'Please fill out this field.');\ncy.get('input[ng-model=\"postCd\"]').should('have.prop', 'validationMessage', 'Please fill out this field.');",
              "err": {},
              "uuid": "6ecd1ee9-c6ec-448c-93a2-cc259f211138",
              "parentUUID": "bdae9dde-9457-4aed-8ebd-1573cfaaecce",
              "isHook": false,
              "skipped": false
            },
            {
              "title": "Harus menampilkan pesan error saat menambah customer hanya dengan Postcode",
              "fullTitle": "Validasi Fitur Menambah Customer  Harus menampilkan pesan error saat menambah customer hanya dengan Postcode",
              "timedOut": null,
              "duration": 2571,
              "state": "passed",
              "speed": "fast",
              "pass": true,
              "fail": false,
              "pending": false,
              "context": null,
              "code": "Banking.clickAddCustomer();\nBanking.fillCustomerDetails1('', '', '123456');\nBanking.submitCustomerForm();\ncy.get('input[ng-model=\"fName\"]').should('have.prop', 'validationMessage', 'Please fill out this field.');\ncy.get('input[ng-model=\"lName\"]').should('have.prop', 'validationMessage', 'Please fill out this field.');",
              "err": {},
              "uuid": "8d28b3a9-e72c-40a4-9335-556e58df19ad",
              "parentUUID": "bdae9dde-9457-4aed-8ebd-1573cfaaecce",
              "isHook": false,
              "skipped": false
            },
            {
              "title": "Harus menampilkan pesan error saat semua field customer kosong",
              "fullTitle": "Validasi Fitur Menambah Customer  Harus menampilkan pesan error saat semua field customer kosong",
              "timedOut": null,
              "duration": 2616,
              "state": "passed",
              "speed": "fast",
              "pass": true,
              "fail": false,
              "pending": false,
              "context": null,
              "code": "Banking.clickAddCustomer();\nBanking.fillCustomerDetails1('', '', '');\nBanking.submitCustomerForm();\ncy.get('input[ng-model=\"fName\"]').should('have.prop', 'validationMessage', 'Please fill out this field.');\ncy.get('input[ng-model=\"lName\"]').should('have.prop', 'validationMessage', 'Please fill out this field.');\ncy.get('input[ng-model=\"postCd\"]').should('have.prop', 'validationMessage', 'Please fill out this field.');",
              "err": {},
              "uuid": "bce72942-b27c-4588-886a-30430aaaab62",
              "parentUUID": "bdae9dde-9457-4aed-8ebd-1573cfaaecce",
              "isHook": false,
              "skipped": false
            },
            {
              "title": "Harus berhasil menambah customer dengan First Name berisi kombinasi karakter dan angka",
              "fullTitle": "Validasi Fitur Menambah Customer  Harus berhasil menambah customer dengan First Name berisi kombinasi karakter dan angka",
              "timedOut": null,
              "duration": 2917,
              "state": "passed",
              "speed": "fast",
              "pass": true,
              "fail": false,
              "pending": false,
              "context": null,
              "code": "Banking.clickAddCustomer();\nBanking.fillCustomerDetails1('@g+*&^^123', 'ruswandi', '123456');\nBanking.submitCustomerForm();\nBanking.verifyAlertText('Customer added successfully');",
              "err": {},
              "uuid": "518c8c65-9d2d-44d5-8671-e8126429016c",
              "parentUUID": "bdae9dde-9457-4aed-8ebd-1573cfaaecce",
              "isHook": false,
              "skipped": false
            },
            {
              "title": "Harus berhasil menambah customer dengan Last Name berisi kombinasi karakter dan angka",
              "fullTitle": "Validasi Fitur Menambah Customer  Harus berhasil menambah customer dengan Last Name berisi kombinasi karakter dan angka",
              "timedOut": null,
              "duration": 2798,
              "state": "passed",
              "speed": "fast",
              "pass": true,
              "fail": false,
              "pending": false,
              "context": null,
              "code": "Banking.clickAddCustomer();\nBanking.fillCustomerDetails('agum', '12r-_-$@#', 'E1234589');\nBanking.submitCustomerForm();\nBanking.verifyAlertText('Customer added successfully');",
              "err": {},
              "uuid": "01ae8620-5e56-4ebb-96b4-6d5aba760e42",
              "parentUUID": "bdae9dde-9457-4aed-8ebd-1573cfaaecce",
              "isHook": false,
              "skipped": false
            },
            {
              "title": "Harus berhasil menambah customer dengan Postcode berisi kombinasi karakter dan angka",
              "fullTitle": "Validasi Fitur Menambah Customer  Harus berhasil menambah customer dengan Postcode berisi kombinasi karakter dan angka",
              "timedOut": null,
              "duration": 2588,
              "state": "passed",
              "speed": "fast",
              "pass": true,
              "fail": false,
              "pending": false,
              "context": null,
              "code": "Banking.clickAddCustomer();\nBanking.fillCustomerDetails('agum', 'ruswandi', 'E123+*&%$');\nBanking.submitCustomerForm();\nBanking.verifyAlertText('Customer added successfully');",
              "err": {},
              "uuid": "d5acb09b-b8fa-41b8-8e92-4b5683260fc2",
              "parentUUID": "bdae9dde-9457-4aed-8ebd-1573cfaaecce",
              "isHook": false,
              "skipped": false
            },
            {
              "title": "Harus berhasil menambah customer dengan semua field berisi kombinasi karakter dan angka",
              "fullTitle": "Validasi Fitur Menambah Customer  Harus berhasil menambah customer dengan semua field berisi kombinasi karakter dan angka",
              "timedOut": null,
              "duration": 2684,
              "state": "passed",
              "speed": "fast",
              "pass": true,
              "fail": false,
              "pending": false,
              "context": null,
              "code": "Banking.clickAddCustomer();\nBanking.fillCustomerDetails('@g%$#@12', 'r%^##@#%124', 'E123+*&%$');\nBanking.submitCustomerForm();\nBanking.verifyAlertText('Customer added successfully');",
              "err": {},
              "uuid": "8a50490a-3737-47d3-9602-f60d6ec9ae52",
              "parentUUID": "bdae9dde-9457-4aed-8ebd-1573cfaaecce",
              "isHook": false,
              "skipped": false
            },
            {
              "title": "Harus berhasil menambah customer dengan First Name huruf kapital",
              "fullTitle": "Validasi Fitur Menambah Customer  Harus berhasil menambah customer dengan First Name huruf kapital",
              "timedOut": null,
              "duration": 2422,
              "state": "passed",
              "speed": "fast",
              "pass": true,
              "fail": false,
              "pending": false,
              "context": null,
              "code": "Banking.clickAddCustomer();\nBanking.fillCustomerDetails('AGUM', 'ruswandi', 'w123456');\nBanking.submitCustomerForm();\nBanking.verifyAlertText('Customer added successfully');",
              "err": {},
              "uuid": "b0a4f5a7-05eb-45b3-a2e8-a049743f4392",
              "parentUUID": "bdae9dde-9457-4aed-8ebd-1573cfaaecce",
              "isHook": false,
              "skipped": false
            },
            {
              "title": "Harus berhasil menambah customer dengan Last Name huruf kapital",
              "fullTitle": "Validasi Fitur Menambah Customer  Harus berhasil menambah customer dengan Last Name huruf kapital",
              "timedOut": null,
              "duration": 2549,
              "state": "passed",
              "speed": "fast",
              "pass": true,
              "fail": false,
              "pending": false,
              "context": null,
              "code": "Banking.clickAddCustomer();\nBanking.fillCustomerDetails('agum', 'RUSWANDI', 'w123456');\nBanking.submitCustomerForm();\nBanking.verifyAlertText('Customer added successfully');",
              "err": {},
              "uuid": "8be32116-c9c1-44b8-84f3-3e44d0c708a2",
              "parentUUID": "bdae9dde-9457-4aed-8ebd-1573cfaaecce",
              "isHook": false,
              "skipped": false
            },
            {
              "title": "Harus berhasil menambah customer dengan Postcode huruf kapital",
              "fullTitle": "Validasi Fitur Menambah Customer  Harus berhasil menambah customer dengan Postcode huruf kapital",
              "timedOut": null,
              "duration": 2560,
              "state": "passed",
              "speed": "fast",
              "pass": true,
              "fail": false,
              "pending": false,
              "context": null,
              "code": "Banking.clickAddCustomer();\nBanking.fillCustomerDetails('agum', 'ruswandi', 'AZSDFGH');\nBanking.submitCustomerForm();\nBanking.verifyAlertText('Customer added successfully');",
              "err": {},
              "uuid": "7b1ace0d-a752-4e19-9bd2-ec2b12b9bd05",
              "parentUUID": "bdae9dde-9457-4aed-8ebd-1573cfaaecce",
              "isHook": false,
              "skipped": false
            },
            {
              "title": "Harus berhasil menambah customer dengan semua field huruf kapital",
              "fullTitle": "Validasi Fitur Menambah Customer  Harus berhasil menambah customer dengan semua field huruf kapital",
              "timedOut": null,
              "duration": 2567,
              "state": "passed",
              "speed": "fast",
              "pass": true,
              "fail": false,
              "pending": false,
              "context": null,
              "code": "Banking.clickAddCustomer();\nBanking.fillCustomerDetails('AGUM', 'RUSWANDI', 'AZSDFGH');\nBanking.submitCustomerForm();\nBanking.verifyAlertText('Customer added successfully');",
              "err": {},
              "uuid": "1d8d1f13-0059-4581-8541-69f0ae86d2bd",
              "parentUUID": "bdae9dde-9457-4aed-8ebd-1573cfaaecce",
              "isHook": false,
              "skipped": false
            },
            {
              "title": "Harus menavigasi ke halaman Home dari halaman Add Customer",
              "fullTitle": "Validasi Fitur Menambah Customer  Harus menavigasi ke halaman Home dari halaman Add Customer",
              "timedOut": null,
              "duration": 1933,
              "state": "passed",
              "speed": "fast",
              "pass": true,
              "fail": false,
              "pending": false,
              "context": null,
              "code": "Banking.clickAddCustomer();\nBanking.navigateTohome();\n//assertion\ncy.get('button[ng-click=\"home()\"]').should('be.visible');\ncy.get('button[ng-click=\"customer()\"]').should('be.visible');\ncy.get('button[ng-click=\"manager()\"]').should('be.visible');",
              "err": {},
              "uuid": "b8b0fe31-4745-4fac-8b0b-826a58581187",
              "parentUUID": "bdae9dde-9457-4aed-8ebd-1573cfaaecce",
              "isHook": false,
              "skipped": false
            }
          ],
          "suites": [],
          "passes": [
            "01bbb66f-11d5-4566-9593-88224e04dc30",
            "4d9c4d78-dbe7-41cd-b192-df4e651a19b7",
            "e8e4e372-34f4-4c37-9341-ebd4f7d5eb17",
            "6ecd1ee9-c6ec-448c-93a2-cc259f211138",
            "8d28b3a9-e72c-40a4-9335-556e58df19ad",
            "bce72942-b27c-4588-886a-30430aaaab62",
            "518c8c65-9d2d-44d5-8671-e8126429016c",
            "01ae8620-5e56-4ebb-96b4-6d5aba760e42",
            "d5acb09b-b8fa-41b8-8e92-4b5683260fc2",
            "8a50490a-3737-47d3-9602-f60d6ec9ae52",
            "b0a4f5a7-05eb-45b3-a2e8-a049743f4392",
            "8be32116-c9c1-44b8-84f3-3e44d0c708a2",
            "7b1ace0d-a752-4e19-9bd2-ec2b12b9bd05",
            "1d8d1f13-0059-4581-8541-69f0ae86d2bd",
            "b8b0fe31-4745-4fac-8b0b-826a58581187"
          ],
          "failures": [],
          "pending": [],
          "skipped": [],
          "duration": 44067,
          "root": false,
          "rootEmpty": false,
          "_timeout": 2000
        }
      ],
      "passes": [],
      "failures": [],
      "pending": [],
      "skipped": [],
      "duration": 0,
      "root": true,
      "rootEmpty": true,
      "_timeout": 2000
    },
    {
      "uuid": "ead6dc26-23b6-4aa6-a07a-7b452a2096b6",
      "title": "",
      "fullFile": "cypress\\integration\\cekCustomers.test.js",
      "file": "cypress\\integration\\cekCustomers.test.js",
      "beforeHooks": [],
      "afterHooks": [],
      "tests": [],
      "suites": [
        {
          "uuid": "9ce39fa8-3d60-4c40-b24b-7e2e5de60f7e",
          "title": "Validasi fitur Customers",
          "fullFile": "",
          "file": "",
          "beforeHooks": [],
          "afterHooks": [],
          "tests": [
            {
              "title": "Harus berhasil mencari customer dengan fungsi search",
              "fullTitle": "Validasi fitur Customers Harus berhasil mencari customer dengan fungsi search",
              "timedOut": null,
              "duration": 3464,
              "state": "passed",
              "speed": "fast",
              "pass": true,
              "fail": false,
              "pending": false,
              "context": null,
              "code": "Banking.navigateToCustomer();\nBanking.searchCustomer('Harry');\ncy.get('table').contains('Harry').should('exist');",
              "err": {},
              "uuid": "f9ee3c62-6177-4263-97b2-6ce9fab8f3b3",
              "parentUUID": "9ce39fa8-3d60-4c40-b24b-7e2e5de60f7e",
              "isHook": false,
              "skipped": false
            },
            {
              "title": "Harus berhasil melakukan sort kolom First Name",
              "fullTitle": "Validasi fitur Customers Harus berhasil melakukan sort kolom First Name",
              "timedOut": null,
              "duration": 3158,
              "state": "passed",
              "speed": "fast",
              "pass": true,
              "fail": false,
              "pending": false,
              "context": null,
              "code": "//menambah customers\ncy.log('Menambah Customer');\nBanking.clickAddCustomer();\nBanking.fillCustomerDetails('agum', 'ruswandi', 'E12456');\nBanking.submitCustomerForm();\nBanking.verifyAlertText('Customer added successfully');\n//validasi penggunaan sort\nBanking.navigateToCustomer();\ncy.log('validasi penggunaan sort pertama');\nBanking.sortFname();\ncy.get('table').contains('td', 'Ron').should('exist');\n//validasi penggunaan sort ke dua\ncy.log('validasi penggunaan sort ke dua');\nBanking.sortFname();\ncy.get('table').contains('td', 'agum').should('exist');",
              "err": {},
              "uuid": "95057370-4840-45cc-a9a2-61501f1890d6",
              "parentUUID": "9ce39fa8-3d60-4c40-b24b-7e2e5de60f7e",
              "isHook": false,
              "skipped": false
            },
            {
              "title": "Harus berhasil melakukan sort kolom Last Name",
              "fullTitle": "Validasi fitur Customers Harus berhasil melakukan sort kolom Last Name",
              "timedOut": null,
              "duration": 2804,
              "state": "passed",
              "speed": "fast",
              "pass": true,
              "fail": false,
              "pending": false,
              "context": null,
              "code": "//menambah customers\ncy.log('Menambah Customer');\nBanking.clickAddCustomer();\nBanking.fillCustomerDetails('agum', 'ruswandi', 'E12456');\nBanking.submitCustomerForm();\nBanking.verifyAlertText('Customer added successfully');\n//validasi penggunaan sort\nBanking.navigateToCustomer();\ncy.log('validasi penggunaan sort pertama');\nBanking.sortLname();\ncy.get('table').contains('td', 'Weasly').should('exist');\n//validasi penggunaan sort ke dua\ncy.log('validasi penggunaan sort ke dua');\nBanking.sortLname();\ncy.get('table').contains('td', 'ruswandi').should('exist');",
              "err": {},
              "uuid": "10e879e9-14cd-436d-8b82-97e508adc527",
              "parentUUID": "9ce39fa8-3d60-4c40-b24b-7e2e5de60f7e",
              "isHook": false,
              "skipped": false
            },
            {
              "title": "Harus berhasil melakukan sort kolom Postcode",
              "fullTitle": "Validasi fitur Customers Harus berhasil melakukan sort kolom Postcode",
              "timedOut": null,
              "duration": 3227,
              "state": "passed",
              "speed": "fast",
              "pass": true,
              "fail": false,
              "pending": false,
              "context": null,
              "code": "//menambah customers\ncy.log('Menambah Customer');\nBanking.clickAddCustomer();\nBanking.fillCustomerDetails('agum', 'ruswandi', 'E12456');\nBanking.submitCustomerForm();\nBanking.verifyAlertText('Customer added successfully');\n//validasi penggunaan sort\nBanking.navigateToCustomer();\ncy.log('validasi penggunaan sort pertama');\nBanking.sortPostcd();\ncy.get('table').contains('td', 'E89898').should('exist');\n//validasi penggunaan sort ke dua\ncy.log('validasi penggunaan sort ke dua');\nBanking.sortPostcd();\ncy.get('table').contains('td', 'E12456').should('exist');",
              "err": {},
              "uuid": "4d1d6de5-9f3f-4403-b218-e945d7b26058",
              "parentUUID": "9ce39fa8-3d60-4c40-b24b-7e2e5de60f7e",
              "isHook": false,
              "skipped": false
            },
            {
              "title": "Harus berhasil menghapus customer",
              "fullTitle": "Validasi fitur Customers Harus berhasil menghapus customer",
              "timedOut": null,
              "duration": 3236,
              "state": "passed",
              "speed": "fast",
              "pass": true,
              "fail": false,
              "pending": false,
              "context": null,
              "code": "//menambah customers\ncy.log('Menambah Customer');\nBanking.clickAddCustomer();\nBanking.fillCustomerDetails('agum', 'ruswandi', 'E12456');\nBanking.submitCustomerForm();\nBanking.verifyAlertText('Customer added successfully');\n//mencari customer yg akan di delete\nBanking.navigateToCustomer();\nBanking.searchCustomer('agum');\n//validasi nama customer ada di tabel\ncy.log('validasi nama customer ada di tabel');\ncy.get('table').contains('agum').should('exist');\n//menghapus customer\ncy.log('menghapus customer');\nBanking.deleteCustomer();\n//validasi nama customer tidak ada di tabel\ncy.log('validasi nama customer tidak ada di tabel');\ncy.get('table').contains('agum').should('not.exist');",
              "err": {},
              "uuid": "a2e9a3b5-b19a-4dce-8ac7-285f0b20515d",
              "parentUUID": "9ce39fa8-3d60-4c40-b24b-7e2e5de60f7e",
              "isHook": false,
              "skipped": false
            },
            {
              "title": "Harus berhasil memvalidasi tombol navigasi Home di halaman Customers",
              "fullTitle": "Validasi fitur Customers Harus berhasil memvalidasi tombol navigasi Home di halaman Customers",
              "timedOut": null,
              "duration": 1549,
              "state": "passed",
              "speed": "fast",
              "pass": true,
              "fail": false,
              "pending": false,
              "context": null,
              "code": "Banking.navigateToOpenaccount();\nBanking.navigateTohome();\n//assertion\ncy.get('button[ng-click=\"home()\"]').should('be.visible');\ncy.get('button[ng-click=\"customer()\"]').should('be.visible');\ncy.get('button[ng-click=\"manager()\"]').should('be.visible');",
              "err": {},
              "uuid": "0cd46c7b-7357-408f-be35-5e02a4c12796",
              "parentUUID": "9ce39fa8-3d60-4c40-b24b-7e2e5de60f7e",
              "isHook": false,
              "skipped": false
            }
          ],
          "suites": [],
          "passes": [
            "f9ee3c62-6177-4263-97b2-6ce9fab8f3b3",
            "95057370-4840-45cc-a9a2-61501f1890d6",
            "10e879e9-14cd-436d-8b82-97e508adc527",
            "4d1d6de5-9f3f-4403-b218-e945d7b26058",
            "a2e9a3b5-b19a-4dce-8ac7-285f0b20515d",
            "0cd46c7b-7357-408f-be35-5e02a4c12796"
          ],
          "failures": [],
          "pending": [],
          "skipped": [],
          "duration": 17438,
          "root": false,
          "rootEmpty": false,
          "_timeout": 2000
        }
      ],
      "passes": [],
      "failures": [],
      "pending": [],
      "skipped": [],
      "duration": 0,
      "root": true,
      "rootEmpty": true,
      "_timeout": 2000
    },
    {
      "uuid": "3316b045-2614-4357-ba4a-80d74571869d",
      "title": "",
      "fullFile": "cypress\\integration\\testuser.test.js",
      "file": "cypress\\integration\\testuser.test.js",
      "beforeHooks": [],
      "afterHooks": [],
      "tests": [],
      "suites": [
        {
          "uuid": "4fb3c535-e6e7-4c3e-b754-aac4de22b370",
          "title": "Validasi Fitur User di rekening Dollar ",
          "fullFile": "",
          "file": "",
          "beforeHooks": [],
          "afterHooks": [],
          "tests": [
            {
              "title": "Harus menampilkan pesan error saat deposit menggunakan huruf di rekening Dollar",
              "fullTitle": "Validasi Fitur User di rekening Dollar  Harus menampilkan pesan error saat deposit menggunakan huruf di rekening Dollar",
              "timedOut": null,
              "duration": 4079,
              "state": "passed",
              "speed": "fast",
              "pass": true,
              "fail": false,
              "pending": false,
              "context": null,
              "code": "//memilih user\ncy.log('Memilih user');\nBanking.selectuser('Harry Potter');\nBanking.loginusername();\n//melakukan deposit rekening dollar\ncy.log('memilih rekening');\nBanking.selectaccount('1004');\n//assertion\ncy.contains('Harry Potter').should('be.visible');\ncy.contains('Account Number : 1004').should('be.visible');\ncy.contains('Currency : Dollar').should('be.visible');\nBanking.deposit();\ncy.log('memasukan jumlah');\nBanking.enteramount('abnmci');\nBanking.submitdeposit();\ncy.get('input[ng-model=\"amount\"]').should('have.prop', 'validationMessage', 'Please fill out this field.');",
              "err": {},
              "uuid": "b8b323d2-2c27-4cda-a9ea-a044369d920a",
              "parentUUID": "4fb3c535-e6e7-4c3e-b754-aac4de22b370",
              "isHook": false,
              "skipped": false
            },
            {
              "title": "Harus menampilkan pesan error saat deposit menggunakan simbol di rekening Dollar",
              "fullTitle": "Validasi Fitur User di rekening Dollar  Harus menampilkan pesan error saat deposit menggunakan simbol di rekening Dollar",
              "timedOut": null,
              "duration": 3583,
              "state": "passed",
              "speed": "fast",
              "pass": true,
              "fail": false,
              "pending": false,
              "context": null,
              "code": "//memilih user\ncy.log('Memilih user');\nBanking.selectuser('Harry Potter');\nBanking.loginusername();\n//melakukan deposit rekening dollar\ncy.log('memilih rekening');\nBanking.selectaccount('1004');\n//assertion\ncy.contains('Harry Potter').should('be.visible');\ncy.contains('Account Number : 1004').should('be.visible');\ncy.contains('Currency : Dollar').should('be.visible');\nBanking.deposit();\ncy.log('memasukan jumlah');\nBanking.enteramount('%$#@&^!');\nBanking.submitdeposit();\ncy.get('input[ng-model=\"amount\"]').should('have.prop', 'validationMessage', 'Please fill out this field.');",
              "err": {},
              "uuid": "55591d2f-aef6-447b-be66-4ac772b58021",
              "parentUUID": "4fb3c535-e6e7-4c3e-b754-aac4de22b370",
              "isHook": false,
              "skipped": false
            },
            {
              "title": "Harus Tidak Ada Respons Saat Deposit Menggunakan Nilai minus  di rekening Dollar",
              "fullTitle": "Validasi Fitur User di rekening Dollar  Harus Tidak Ada Respons Saat Deposit Menggunakan Nilai minus  di rekening Dollar",
              "timedOut": null,
              "duration": 2988,
              "state": "passed",
              "speed": "fast",
              "pass": true,
              "fail": false,
              "pending": false,
              "context": null,
              "code": "//memilih user\ncy.log('Memilih user');\nBanking.selectuser('Harry Potter');\nBanking.loginusername();\n//melakukan deposit rekening dollar\ncy.log('memilih rekening');\nBanking.selectaccount('1004');\n//assertion\ncy.contains('Harry Potter').should('be.visible');\ncy.contains('Account Number : 1004').should('be.visible');\ncy.contains('Currency : Dollar').should('be.visible');\nBanking.deposit();\ncy.log('memasukan jumlah');\nBanking.enteramount('-1000');\nBanking.submitdeposit();\ncy.get('button[type=\"submit\"]').should('not.be.disabled');",
              "err": {},
              "uuid": "44df6b01-60d4-4bf3-931d-8a12af87245e",
              "parentUUID": "4fb3c535-e6e7-4c3e-b754-aac4de22b370",
              "isHook": false,
              "skipped": false
            },
            {
              "title": "Harus menampilkan pesan error saat deposit menggunakan huruf dan angka di rekening Dollar",
              "fullTitle": "Validasi Fitur User di rekening Dollar  Harus menampilkan pesan error saat deposit menggunakan huruf dan angka di rekening Dollar",
              "timedOut": null,
              "duration": 3132,
              "state": "passed",
              "speed": "fast",
              "pass": true,
              "fail": false,
              "pending": false,
              "context": null,
              "code": "//memilih user\ncy.log('Memilih user');\nBanking.selectuser('Harry Potter');\nBanking.loginusername();\n//melakukan deposit rekening dollar\ncy.log('memilih rekening');\nBanking.selectaccount('1004');\n//assertion\ncy.contains('Harry Potter').should('be.visible');\ncy.contains('Account Number : 1004').should('be.visible');\ncy.contains('Currency : Dollar').should('be.visible');\nBanking.deposit();\ncy.log('memasukan jumlah');\nBanking.enteramount('100adfgh');\nBanking.submitdeposit();\ncy.get('input[ng-model=\"amount\"]').should('have.prop', 'validationMessage', 'Please fill out this field.');",
              "err": {},
              "uuid": "1231d0e8-6481-43f6-840e-6626015745d8",
              "parentUUID": "4fb3c535-e6e7-4c3e-b754-aac4de22b370",
              "isHook": false,
              "skipped": false
            },
            {
              "title": "Harus berhasil menambahkan nilai ke rekening dollar",
              "fullTitle": "Validasi Fitur User di rekening Dollar  Harus berhasil menambahkan nilai ke rekening dollar",
              "timedOut": null,
              "duration": 3041,
              "state": "passed",
              "speed": "fast",
              "pass": true,
              "fail": false,
              "pending": false,
              "context": null,
              "code": "//memilih user\ncy.log('Memilih user');\nBanking.selectuser('Harry Potter');\nBanking.loginusername();\n//melakukan deposit rekening dollar\ncy.log('memilih rekening');\nBanking.selectaccount('1004');\nBanking.deposit();\ncy.log('memasukan jumlah');\nBanking.enteramount('5000');\nBanking.submitdeposit();\n//assertion\ncy.log('muncul assertion');\ncy.contains('span', 'Deposit Successful').should('be.visible');",
              "err": {},
              "uuid": "ae9f8f2c-89ce-42b9-a131-07cbc8c763e2",
              "parentUUID": "4fb3c535-e6e7-4c3e-b754-aac4de22b370",
              "isHook": false,
              "skipped": false
            },
            {
              "title": "Harus muncul pesan error saat withdrawl menggunakan huruf di rekening Dollar",
              "fullTitle": "Validasi Fitur User di rekening Dollar  Harus muncul pesan error saat withdrawl menggunakan huruf di rekening Dollar",
              "timedOut": null,
              "duration": 2922,
              "state": "passed",
              "speed": "fast",
              "pass": true,
              "fail": false,
              "pending": false,
              "context": null,
              "code": "//memilih user\ncy.log('Memilih user');\nBanking.selectuser('Harry Potter');\nBanking.loginusername();\n//memilih rekening\ncy.log('memilih rekening');\nBanking.selectaccount('1004');\n//masuk menu withdrawl\nBanking.withdrawl();\ncy.contains('Amount to be Withdrawn :').should('be.visible');\ncy.log('memasukan jumlah');\nBanking.enterwithdrawl('affffk');\ncy.get('input[ng-model=\"amount\"]').should('have.prop', 'validationMessage', 'Please fill out this field.');",
              "err": {},
              "uuid": "eee8248d-6e43-4705-9af5-9f8a09c9e938",
              "parentUUID": "4fb3c535-e6e7-4c3e-b754-aac4de22b370",
              "isHook": false,
              "skipped": false
            },
            {
              "title": "Harus muncul pesan error saat withdrawl mengunakan simbol di rekening dollar ",
              "fullTitle": "Validasi Fitur User di rekening Dollar  Harus muncul pesan error saat withdrawl mengunakan simbol di rekening dollar ",
              "timedOut": null,
              "duration": 3622,
              "state": "passed",
              "speed": "fast",
              "pass": true,
              "fail": false,
              "pending": false,
              "context": null,
              "code": "//memilih user\ncy.log('Memilih user');\nBanking.selectuser('Harry Potter');\nBanking.loginusername();\n//memilih rekening\ncy.log('memilih rekening');\nBanking.selectaccount('1004');\n//masuk menu withdrawl\nBanking.withdrawl();\ncy.contains('Amount to be Withdrawn :').should('be.visible');\ncy.log('memasukan jumlah');\nBanking.enterwithdrawl('@#$%^&*');\ncy.get('input[ng-model=\"amount\"]').should('have.prop', 'validationMessage', 'Please fill out this field.');",
              "err": {},
              "uuid": "c4d4be4f-f85f-47b8-a6e6-bc51b1b0d114",
              "parentUUID": "4fb3c535-e6e7-4c3e-b754-aac4de22b370",
              "isHook": false,
              "skipped": false
            },
            {
              "title": "Harus Tidak Ada Respons Saat withdrawl Menggunakan Nilai minus  di rekening Dollar",
              "fullTitle": "Validasi Fitur User di rekening Dollar  Harus Tidak Ada Respons Saat withdrawl Menggunakan Nilai minus  di rekening Dollar",
              "timedOut": null,
              "duration": 4008,
              "state": "passed",
              "speed": "fast",
              "pass": true,
              "fail": false,
              "pending": false,
              "context": null,
              "code": "cy.log('Memilih user');\nBanking.selectuser('Harry Potter');\nBanking.loginusername();\n//melakukan deposit rekening dollar\ncy.log('memilih rekening');\nBanking.selectaccount('1004');\n//assertion\ncy.contains('Harry Potter').should('be.visible');\ncy.contains('Account Number : 1004').should('be.visible');\ncy.contains('Currency : Dollar').should('be.visible');\nBanking.deposit();\ncy.log('memasukan jumlah');\nBanking.enteramount('1000');\nBanking.submitdeposit();\n//masuk menu withdrawl\nBanking.withdrawl();\ncy.contains('Amount to be Withdrawn :').should('be.visible');\ncy.log('memasukan jumlah');\nBanking.enterwithdrawl('-1000');\ncy.get('button[type=\"submit\"]').should('not.be.disabled');",
              "err": {},
              "uuid": "86e8b5fd-b371-49cc-b5cd-ebdeb5f8c421",
              "parentUUID": "4fb3c535-e6e7-4c3e-b754-aac4de22b370",
              "isHook": false,
              "skipped": false
            },
            {
              "title": "Withdrawal harus ditolak ketika jumlah melebihi saldo di rekening Dollar",
              "fullTitle": "Validasi Fitur User di rekening Dollar  Withdrawal harus ditolak ketika jumlah melebihi saldo di rekening Dollar",
              "timedOut": null,
              "duration": 3928,
              "state": "passed",
              "speed": "fast",
              "pass": true,
              "fail": false,
              "pending": false,
              "context": null,
              "code": "cy.log('Memilih user');\nBanking.selectuser('Harry Potter');\nBanking.loginusername();\n//melakukan deposit rekening dollar\ncy.log('memilih rekening');\nBanking.selectaccount('1004');\n//assertion\ncy.contains('Harry Potter').should('be.visible');\ncy.contains('Account Number : 1004').should('be.visible');\ncy.contains('Currency : Dollar').should('be.visible');\nBanking.deposit();\ncy.log('memasukan jumlah');\nBanking.enteramount('5000');\nBanking.submitdeposit();\n//assertion\ncy.log('muncul assertion');\ncy.contains('span', 'Deposit Successful').should('be.visible');\n//masuk menu withdrawl\nBanking.withdrawl();\ncy.contains('Amount to be Withdrawn :').should('be.visible');\ncy.log('memasukan jumlah');\nBanking.enterwithdrawl('7000');\nBanking.submitwithdrawl();\n//assertion\ncy.contains('Transaction Failed. You can not withdraw amount more than the balance.').should('be.visible');",
              "err": {},
              "uuid": "66f87657-0220-4541-bd44-a8d42be1eaf9",
              "parentUUID": "4fb3c535-e6e7-4c3e-b754-aac4de22b370",
              "isHook": false,
              "skipped": false
            },
            {
              "title": "Harus berhasil melakukan withdrawl di rekening Dollar",
              "fullTitle": "Validasi Fitur User di rekening Dollar  Harus berhasil melakukan withdrawl di rekening Dollar",
              "timedOut": null,
              "duration": 3638,
              "state": "passed",
              "speed": "fast",
              "pass": true,
              "fail": false,
              "pending": false,
              "context": null,
              "code": "cy.log('Memilih user');\nBanking.selectuser('Harry Potter');\nBanking.loginusername();\n//melakukan deposit rekening dollar\ncy.log('memilih rekening');\nBanking.selectaccount('1004');\n//assertion\ncy.contains('Harry Potter').should('be.visible');\ncy.contains('Account Number : 1004').should('be.visible');\ncy.contains('Currency : Dollar').should('be.visible');\nBanking.deposit();\ncy.log('memasukan jumlah');\nBanking.enteramount('5000');\nBanking.submitdeposit();\n//assertion\ncy.log('muncul assertion');\ncy.contains('span', 'Deposit Successful').should('be.visible');\n//masuk menu withdrawl\nBanking.withdrawl();\ncy.contains('Amount to be Withdrawn :').should('be.visible');\ncy.log('memasukan jumlah');\nBanking.enterwithdrawl('2000');\nBanking.submitwithdrawl();\n//assertion\ncy.contains('Transaction successful').should('be.visible');",
              "err": {},
              "uuid": "e4f234c2-6d4b-4799-b546-b70cdb705672",
              "parentUUID": "4fb3c535-e6e7-4c3e-b754-aac4de22b370",
              "isHook": false,
              "skipped": false
            },
            {
              "title": "Harus berhasil melakukan Logout di halaman user",
              "fullTitle": "Validasi Fitur User di rekening Dollar  Harus berhasil melakukan Logout di halaman user",
              "timedOut": null,
              "duration": 2019,
              "state": "passed",
              "speed": "fast",
              "pass": true,
              "fail": false,
              "pending": false,
              "context": null,
              "code": "cy.log('Memilih user');\nBanking.selectuser('Harry Potter');\nBanking.loginusername();\n//assertion\ncy.contains('Harry Potter').should('be.visible');\ncy.contains('Account Number : 1004').should('be.visible');\ncy.contains('Currency : Dollar').should('be.visible');\n//logouta\ncy.log('melakukan logout');\nBanking.Logout();\n//assertion\ncy.contains('Your Name :').should('be.visible');\ncy.get('#userSelect').should('exist').and('be.visible');",
              "err": {},
              "uuid": "51d8dc7c-87c2-412f-83a3-2983678f826a",
              "parentUUID": "4fb3c535-e6e7-4c3e-b754-aac4de22b370",
              "isHook": false,
              "skipped": false
            },
            {
              "title": "Harus berhasil memvalidasi tombol navigasi Home di halaman user",
              "fullTitle": "Validasi Fitur User di rekening Dollar  Harus berhasil memvalidasi tombol navigasi Home di halaman user",
              "timedOut": null,
              "duration": 1908,
              "state": "passed",
              "speed": "fast",
              "pass": true,
              "fail": false,
              "pending": false,
              "context": null,
              "code": "cy.log('Memilih user');\nBanking.selectuser('Harry Potter');\nBanking.loginusername();\n//assertion\ncy.contains('Harry Potter').should('be.visible');\ncy.contains('Account Number : 1004').should('be.visible');\ncy.contains('Currency : Dollar').should('be.visible');\ncy.log('kembali ke halaman utama');\nBanking.navigateTohome();\n//assertion\ncy.get('button[ng-click=\"home()\"]').should('be.visible');\ncy.get('button[ng-click=\"customer()\"]').should('be.visible');\ncy.get('button[ng-click=\"manager()\"]').should('be.visible');",
              "err": {},
              "uuid": "ac13fc80-5650-4745-99c3-6f1883d384c4",
              "parentUUID": "4fb3c535-e6e7-4c3e-b754-aac4de22b370",
              "isHook": false,
              "skipped": false
            }
          ],
          "suites": [],
          "passes": [
            "b8b323d2-2c27-4cda-a9ea-a044369d920a",
            "55591d2f-aef6-447b-be66-4ac772b58021",
            "44df6b01-60d4-4bf3-931d-8a12af87245e",
            "1231d0e8-6481-43f6-840e-6626015745d8",
            "ae9f8f2c-89ce-42b9-a131-07cbc8c763e2",
            "eee8248d-6e43-4705-9af5-9f8a09c9e938",
            "c4d4be4f-f85f-47b8-a6e6-bc51b1b0d114",
            "86e8b5fd-b371-49cc-b5cd-ebdeb5f8c421",
            "66f87657-0220-4541-bd44-a8d42be1eaf9",
            "e4f234c2-6d4b-4799-b546-b70cdb705672",
            "51d8dc7c-87c2-412f-83a3-2983678f826a",
            "ac13fc80-5650-4745-99c3-6f1883d384c4"
          ],
          "failures": [],
          "pending": [],
          "skipped": [],
          "duration": 38868,
          "root": false,
          "rootEmpty": false,
          "_timeout": 2000
        }
      ],
      "passes": [],
      "failures": [],
      "pending": [],
      "skipped": [],
      "duration": 0,
      "root": true,
      "rootEmpty": true,
      "_timeout": 2000
    },
    {
      "uuid": "1539f616-0d72-413e-893f-229b23aed558",
      "title": "",
      "fullFile": "cypress\\integration\\testuserpound.test.js",
      "file": "cypress\\integration\\testuserpound.test.js",
      "beforeHooks": [],
      "afterHooks": [],
      "tests": [],
      "suites": [
        {
          "uuid": "b268a0bf-836f-4902-b800-e2381d5d6216",
          "title": "Validasi Fitur User di rekening Pound",
          "fullFile": "",
          "file": "",
          "beforeHooks": [],
          "afterHooks": [],
          "tests": [
            {
              "title": "Harus menampilkan pesan error saat deposit menggunakan huruf di rekening Pound",
              "fullTitle": "Validasi Fitur User di rekening Pound Harus menampilkan pesan error saat deposit menggunakan huruf di rekening Pound",
              "timedOut": null,
              "duration": 4978,
              "state": "passed",
              "speed": "fast",
              "pass": true,
              "fail": false,
              "pending": false,
              "context": null,
              "code": "//memilih user\ncy.log('Memilih user');\nBanking.selectuser('Harry Potter');\nBanking.loginusername();\n//melakukan deposit rekening Pound\ncy.log('memilih rekening');\nBanking.selectaccount('1005');\n//assertion\ncy.contains('Harry Potter').should('be.visible');\ncy.contains('Account Number : 1005').should('be.visible');\ncy.contains('Currency : Pound').should('be.visible');\nBanking.deposit();\ncy.log('memasukan jumlah');\nBanking.enteramount('abnmci');\nBanking.submitdeposit();\ncy.get('input[ng-model=\"amount\"]').should('have.prop', 'validationMessage', 'Please fill out this field.');",
              "err": {},
              "uuid": "429660ec-9eaf-47cf-959e-320fbc057f4b",
              "parentUUID": "b268a0bf-836f-4902-b800-e2381d5d6216",
              "isHook": false,
              "skipped": false
            },
            {
              "title": "Harus menampilkan pesan error saat deposit menggunakan simbol di rekening Pound",
              "fullTitle": "Validasi Fitur User di rekening Pound Harus menampilkan pesan error saat deposit menggunakan simbol di rekening Pound",
              "timedOut": null,
              "duration": 3304,
              "state": "passed",
              "speed": "fast",
              "pass": true,
              "fail": false,
              "pending": false,
              "context": null,
              "code": "//memilih user\ncy.log('Memilih user');\nBanking.selectuser('Harry Potter');\nBanking.loginusername();\n//melakukan deposit rekening Pound\ncy.log('memilih rekening');\nBanking.selectaccount('1005');\n//assertion\ncy.contains('Harry Potter').should('be.visible');\ncy.contains('Account Number : 1005').should('be.visible');\ncy.contains('Currency : Pound').should('be.visible');\nBanking.deposit();\ncy.log('memasukan jumlah');\nBanking.enteramount('%$#@&^!');\nBanking.submitdeposit();\ncy.get('input[ng-model=\"amount\"]').should('have.prop', 'validationMessage', 'Please fill out this field.');",
              "err": {},
              "uuid": "f83dd196-97a3-4daf-95cc-3009b6f161ea",
              "parentUUID": "b268a0bf-836f-4902-b800-e2381d5d6216",
              "isHook": false,
              "skipped": false
            },
            {
              "title": "Harus Tidak Ada Respons Saat Deposit Menggunakan Nilai minus  di rekening Pound",
              "fullTitle": "Validasi Fitur User di rekening Pound Harus Tidak Ada Respons Saat Deposit Menggunakan Nilai minus  di rekening Pound",
              "timedOut": null,
              "duration": 2894,
              "state": "passed",
              "speed": "fast",
              "pass": true,
              "fail": false,
              "pending": false,
              "context": null,
              "code": "//memilih user\ncy.log('Memilih user');\nBanking.selectuser('Harry Potter');\nBanking.loginusername();\n//melakukan deposit rekening dollar\ncy.log('memilih rekening');\nBanking.selectaccount('1005');\n//assertion\ncy.contains('Harry Potter').should('be.visible');\ncy.contains('Account Number : 1005').should('be.visible');\ncy.contains('Currency : Pound').should('be.visible');\nBanking.deposit();\ncy.log('memasukan jumlah');\nBanking.enteramount('-1000');\nBanking.submitdeposit();\ncy.get('button[type=\"submit\"]').should('not.be.disabled');",
              "err": {},
              "uuid": "26353731-0974-49bc-86cf-59f6ac11d1a4",
              "parentUUID": "b268a0bf-836f-4902-b800-e2381d5d6216",
              "isHook": false,
              "skipped": false
            },
            {
              "title": "Harus menampilkan pesan error saat deposit menggunakan huruf dan angka di rekening Pound",
              "fullTitle": "Validasi Fitur User di rekening Pound Harus menampilkan pesan error saat deposit menggunakan huruf dan angka di rekening Pound",
              "timedOut": null,
              "duration": 3139,
              "state": "passed",
              "speed": "fast",
              "pass": true,
              "fail": false,
              "pending": false,
              "context": null,
              "code": "//memilih user\ncy.log('Memilih user');\nBanking.selectuser('Harry Potter');\nBanking.loginusername();\n//melakukan deposit rekening dollar\ncy.log('memilih rekening');\nBanking.selectaccount('1005');\n//assertion\ncy.contains('Harry Potter').should('be.visible');\ncy.contains('Account Number : 1005').should('be.visible');\ncy.contains('Currency : Pound').should('be.visible');\nBanking.deposit();\ncy.log('memasukan jumlah');\nBanking.enteramount('100adfgh');\nBanking.submitdeposit();\ncy.get('input[ng-model=\"amount\"]').should('have.prop', 'validationMessage', 'Please fill out this field.');",
              "err": {},
              "uuid": "3be29c3a-7143-4290-8b2c-5c3762115b43",
              "parentUUID": "b268a0bf-836f-4902-b800-e2381d5d6216",
              "isHook": false,
              "skipped": false
            },
            {
              "title": "Harus berhasil menambahkan nilai ke rekening Pound",
              "fullTitle": "Validasi Fitur User di rekening Pound Harus berhasil menambahkan nilai ke rekening Pound",
              "timedOut": null,
              "duration": 2926,
              "state": "passed",
              "speed": "fast",
              "pass": true,
              "fail": false,
              "pending": false,
              "context": null,
              "code": "//memilih user\ncy.log('Memilih user');\nBanking.selectuser('Harry Potter');\nBanking.loginusername();\n//melakukan deposit rekening dollar\ncy.log('memilih rekening');\nBanking.selectaccount('1005');\nBanking.deposit();\ncy.log('memasukan jumlah');\nBanking.enteramount('6000');\nBanking.submitdeposit();\n//assertion\ncy.log('muncul assertion');\ncy.contains('span', 'Deposit Successful').should('be.visible');",
              "err": {},
              "uuid": "7e79b2f7-9ac8-4f92-96ea-3b5497786729",
              "parentUUID": "b268a0bf-836f-4902-b800-e2381d5d6216",
              "isHook": false,
              "skipped": false
            },
            {
              "title": "Harus muncul pesan error saat withdrawl menggunakan huruf di rekening Pound",
              "fullTitle": "Validasi Fitur User di rekening Pound Harus muncul pesan error saat withdrawl menggunakan huruf di rekening Pound",
              "timedOut": null,
              "duration": 3102,
              "state": "passed",
              "speed": "fast",
              "pass": true,
              "fail": false,
              "pending": false,
              "context": null,
              "code": "//memilih user\ncy.log('Memilih user');\nBanking.selectuser('Harry Potter');\nBanking.loginusername();\n//memilih rekening\ncy.log('memilih rekening');\nBanking.selectaccount('1005');\n//masuk menu withdrawl\nBanking.withdrawl();\ncy.contains('Amount to be Withdrawn :').should('be.visible');\ncy.log('memasukan jumlah');\nBanking.enterwithdrawl('affffk');\ncy.get('input[ng-model=\"amount\"]').should('have.prop', 'validationMessage', 'Please fill out this field.');",
              "err": {},
              "uuid": "1c0b5423-e073-4fb7-9bdc-3ea762b8ac74",
              "parentUUID": "b268a0bf-836f-4902-b800-e2381d5d6216",
              "isHook": false,
              "skipped": false
            },
            {
              "title": "Harus muncul pesan error saat withdrawl mengunakan simbol di rekening Pound",
              "fullTitle": "Validasi Fitur User di rekening Pound Harus muncul pesan error saat withdrawl mengunakan simbol di rekening Pound",
              "timedOut": null,
              "duration": 3034,
              "state": "passed",
              "speed": "fast",
              "pass": true,
              "fail": false,
              "pending": false,
              "context": null,
              "code": "//memilih user\ncy.log('Memilih user');\nBanking.selectuser('Harry Potter');\nBanking.loginusername();\n//memilih rekening\ncy.log('memilih rekening');\nBanking.selectaccount('1005');\n//masuk menu withdrawl\nBanking.withdrawl();\ncy.contains('Amount to be Withdrawn :').should('be.visible');\ncy.log('memasukan jumlah');\nBanking.enterwithdrawl('@#$%^&*');\ncy.get('input[ng-model=\"amount\"]').should('have.prop', 'validationMessage', 'Please fill out this field.');",
              "err": {},
              "uuid": "84de00b4-e17c-403b-9bd7-8732dcc70c40",
              "parentUUID": "b268a0bf-836f-4902-b800-e2381d5d6216",
              "isHook": false,
              "skipped": false
            },
            {
              "title": "Harus muncul pesan error saat withdrawl mengunakan simbol di rekening Pound",
              "fullTitle": "Validasi Fitur User di rekening Pound Harus muncul pesan error saat withdrawl mengunakan simbol di rekening Pound",
              "timedOut": null,
              "duration": 2884,
              "state": "passed",
              "speed": "fast",
              "pass": true,
              "fail": false,
              "pending": false,
              "context": null,
              "code": "//memilih user\ncy.log('Memilih user');\nBanking.selectuser('Harry Potter');\nBanking.loginusername();\n//memilih rekening\ncy.log('memilih rekening');\nBanking.selectaccount('1004');\n//masuk menu withdrawl\nBanking.withdrawl();\ncy.contains('Amount to be Withdrawn :').should('be.visible');\ncy.log('memasukan jumlah');\nBanking.enterwithdrawl('@#$%^&*');\ncy.get('input[ng-model=\"amount\"]').should('have.prop', 'validationMessage', 'Please fill out this field.');",
              "err": {},
              "uuid": "6a3e2b43-9244-416a-8ca4-4a9819022029",
              "parentUUID": "b268a0bf-836f-4902-b800-e2381d5d6216",
              "isHook": false,
              "skipped": false
            },
            {
              "title": "Harus Tidak Ada Respons Saat withdrawl Menggunakan Nilai minus  di rekening Dollar",
              "fullTitle": "Validasi Fitur User di rekening Pound Harus Tidak Ada Respons Saat withdrawl Menggunakan Nilai minus  di rekening Dollar",
              "timedOut": null,
              "duration": 3627,
              "state": "passed",
              "speed": "fast",
              "pass": true,
              "fail": false,
              "pending": false,
              "context": null,
              "code": "cy.log('Memilih user');\nBanking.selectuser('Harry Potter');\nBanking.loginusername();\n//melakukan deposit rekening dollar\ncy.log('memilih rekening');\nBanking.selectaccount('1005');\n//assertion\ncy.contains('Harry Potter').should('be.visible');\ncy.contains('Account Number : 1005').should('be.visible');\ncy.contains('Currency : Pound').should('be.visible');\nBanking.deposit();\ncy.log('memasukan jumlah');\nBanking.enteramount('1000');\nBanking.submitdeposit();\n//masuk menu withdrawl\nBanking.withdrawl();\ncy.contains('Amount to be Withdrawn :').should('be.visible');\ncy.log('memasukan jumlah');\nBanking.enterwithdrawl('-1000');\ncy.get('button[type=\"submit\"]').should('not.be.disabled');",
              "err": {},
              "uuid": "ff3b268c-3f5b-4531-9fb1-67ae05dc4ce1",
              "parentUUID": "b268a0bf-836f-4902-b800-e2381d5d6216",
              "isHook": false,
              "skipped": false
            },
            {
              "title": "Withdrawal harus ditolak ketika jumlah melebihi saldo di rekening Pound",
              "fullTitle": "Validasi Fitur User di rekening Pound Withdrawal harus ditolak ketika jumlah melebihi saldo di rekening Pound",
              "timedOut": null,
              "duration": 3660,
              "state": "passed",
              "speed": "fast",
              "pass": true,
              "fail": false,
              "pending": false,
              "context": null,
              "code": "cy.log('Memilih user');\nBanking.selectuser('Harry Potter');\nBanking.loginusername();\n//melakukan deposit rekening Pound\ncy.log('memilih rekening');\nBanking.selectaccount('1005');\n//assertion\ncy.contains('Harry Potter').should('be.visible');\ncy.contains('Account Number : 1005').should('be.visible');\ncy.contains('Currency : Pound').should('be.visible');\nBanking.deposit();\ncy.log('memasukan jumlah');\nBanking.enteramount('500');\nBanking.submitdeposit();\n//assertion\ncy.log('muncul assertion');\ncy.contains('span', 'Deposit Successful').should('be.visible');\n//masuk menu withdrawl\nBanking.withdrawl();\ncy.contains('Amount to be Withdrawn :').should('be.visible');\ncy.log('memasukan jumlah');\nBanking.enterwithdrawl('1000');\nBanking.submitwithdrawl();\n//assertion\ncy.contains('Transaction Failed. You can not withdraw amount more than the balance.').should('be.visible');",
              "err": {},
              "uuid": "38600731-916d-4f94-91b8-f45a1845c44a",
              "parentUUID": "b268a0bf-836f-4902-b800-e2381d5d6216",
              "isHook": false,
              "skipped": false
            },
            {
              "title": "Harus berhasil melakukan withdrawl di rekening Pound",
              "fullTitle": "Validasi Fitur User di rekening Pound Harus berhasil melakukan withdrawl di rekening Pound",
              "timedOut": null,
              "duration": 3564,
              "state": "passed",
              "speed": "fast",
              "pass": true,
              "fail": false,
              "pending": false,
              "context": null,
              "code": "cy.log('Memilih user');\nBanking.selectuser('Harry Potter');\nBanking.loginusername();\n//melakukan deposit rekening dollar\ncy.log('memilih rekening');\nBanking.selectaccount('1005');\n//assertion\ncy.contains('Harry Potter').should('be.visible');\ncy.contains('Account Number : 1005').should('be.visible');\ncy.contains('Currency : Pound').should('be.visible');\nBanking.deposit();\ncy.log('memasukan jumlah');\nBanking.enteramount('6000');\nBanking.submitdeposit();\n//assertion\ncy.log('muncul assertion');\ncy.contains('span', 'Deposit Successful').should('be.visible');\n//masuk menu withdrawl\nBanking.withdrawl();\ncy.contains('Amount to be Withdrawn :').should('be.visible');\ncy.log('memasukan jumlah');\nBanking.enterwithdrawl('2000');\nBanking.submitwithdrawl();\n//assertion\ncy.contains('Transaction successful').should('be.visible');",
              "err": {},
              "uuid": "c5a35e73-4915-4b15-867d-82da3ab064fa",
              "parentUUID": "b268a0bf-836f-4902-b800-e2381d5d6216",
              "isHook": false,
              "skipped": false
            }
          ],
          "suites": [],
          "passes": [
            "429660ec-9eaf-47cf-959e-320fbc057f4b",
            "f83dd196-97a3-4daf-95cc-3009b6f161ea",
            "26353731-0974-49bc-86cf-59f6ac11d1a4",
            "3be29c3a-7143-4290-8b2c-5c3762115b43",
            "7e79b2f7-9ac8-4f92-96ea-3b5497786729",
            "1c0b5423-e073-4fb7-9bdc-3ea762b8ac74",
            "84de00b4-e17c-403b-9bd7-8732dcc70c40",
            "6a3e2b43-9244-416a-8ca4-4a9819022029",
            "ff3b268c-3f5b-4531-9fb1-67ae05dc4ce1",
            "38600731-916d-4f94-91b8-f45a1845c44a",
            "c5a35e73-4915-4b15-867d-82da3ab064fa"
          ],
          "failures": [],
          "pending": [],
          "skipped": [],
          "duration": 37112,
          "root": false,
          "rootEmpty": false,
          "_timeout": 2000
        }
      ],
      "passes": [],
      "failures": [],
      "pending": [],
      "skipped": [],
      "duration": 0,
      "root": true,
      "rootEmpty": true,
      "_timeout": 2000
    },
    {
      "uuid": "f6796968-c541-4b6f-85ae-abfc4d67340b",
      "title": "",
      "fullFile": "cypress\\integration\\testuserrupee.test.js",
      "file": "cypress\\integration\\testuserrupee.test.js",
      "beforeHooks": [],
      "afterHooks": [],
      "tests": [],
      "suites": [
        {
          "uuid": "eaf15ea5-d158-4011-b63c-c283f581a93c",
          "title": "Validasi Fitur User di rekening Rupee",
          "fullFile": "",
          "file": "",
          "beforeHooks": [],
          "afterHooks": [],
          "tests": [
            {
              "title": "Harus menampilkan pesan error saat deposit menggunakan huruf di rekening Rupee",
              "fullTitle": "Validasi Fitur User di rekening Rupee Harus menampilkan pesan error saat deposit menggunakan huruf di rekening Rupee",
              "timedOut": null,
              "duration": 3437,
              "state": "passed",
              "speed": "fast",
              "pass": true,
              "fail": false,
              "pending": false,
              "context": null,
              "code": "//memilih user\ncy.log('Memilih user');\nBanking.selectuser('Harry Potter');\nBanking.loginusername();\n//melakukan deposit rekening Ruppe\ncy.log('memilih rekening');\nBanking.selectaccount('1006');\n//assertion\ncy.contains('Harry Potter').should('be.visible');\ncy.contains('Account Number : 1006').should('be.visible');\ncy.contains('Currency : Rupee').should('be.visible');\nBanking.deposit();\ncy.log('memasukan jumlah');\nBanking.enteramount('abnmci');\nBanking.submitdeposit();\ncy.get('input[ng-model=\"amount\"]').should('have.prop', 'validationMessage', 'Please fill out this field.');",
              "err": {},
              "uuid": "4cc0e09d-c304-44a3-ae9c-40af8d913c78",
              "parentUUID": "eaf15ea5-d158-4011-b63c-c283f581a93c",
              "isHook": false,
              "skipped": false
            },
            {
              "title": "Harus menampilkan pesan error saat deposit menggunakan simbol di rekening Rupee",
              "fullTitle": "Validasi Fitur User di rekening Rupee Harus menampilkan pesan error saat deposit menggunakan simbol di rekening Rupee",
              "timedOut": null,
              "duration": 2885,
              "state": "passed",
              "speed": "fast",
              "pass": true,
              "fail": false,
              "pending": false,
              "context": null,
              "code": "//memilih user\ncy.log('Memilih user');\nBanking.selectuser('Harry Potter');\nBanking.loginusername();\n//melakukan deposit rekening Rupee\nBanking.selectaccount('1006');\n//assertion\ncy.contains('Harry Potter').should('be.visible');\ncy.contains('Account Number : 1006').should('be.visible');\ncy.contains('Currency : Rupee').should('be.visible');\nBanking.deposit();\ncy.log('memasukan jumlah');\nBanking.enteramount('%$#@&^!');\nBanking.submitdeposit();\ncy.get('input[ng-model=\"amount\"]').should('have.prop', 'validationMessage', 'Please fill out this field.');",
              "err": {},
              "uuid": "3805bb32-dbc7-47fa-8cd4-e501b16ca730",
              "parentUUID": "eaf15ea5-d158-4011-b63c-c283f581a93c",
              "isHook": false,
              "skipped": false
            },
            {
              "title": "Harus Tidak Ada Respons Saat Deposit Menggunakan Nilai minus  di rekening Rupee",
              "fullTitle": "Validasi Fitur User di rekening Rupee Harus Tidak Ada Respons Saat Deposit Menggunakan Nilai minus  di rekening Rupee",
              "timedOut": null,
              "duration": 3154,
              "state": "passed",
              "speed": "fast",
              "pass": true,
              "fail": false,
              "pending": false,
              "context": null,
              "code": "//memilih user\ncy.log('Memilih user');\nBanking.selectuser('Harry Potter');\nBanking.loginusername();\n//melakukan deposit rekening dollar\ncy.log('memilih rekening');\nBanking.selectaccount('1006');\n//assertion\ncy.contains('Harry Potter').should('be.visible');\ncy.contains('Account Number : 1006').should('be.visible');\ncy.contains('Currency : Rupee').should('be.visible');\nBanking.deposit();\ncy.log('memasukan jumlah');\nBanking.enteramount('-1000');\nBanking.submitdeposit();\ncy.get('button[type=\"submit\"]').should('not.be.disabled');",
              "err": {},
              "uuid": "947086bb-4b86-46a4-b68f-0ef1a3ac5bed",
              "parentUUID": "eaf15ea5-d158-4011-b63c-c283f581a93c",
              "isHook": false,
              "skipped": false
            },
            {
              "title": "Harus menampilkan pesan error saat deposit menggunakan huruf dan angka di rekening Rupee",
              "fullTitle": "Validasi Fitur User di rekening Rupee Harus menampilkan pesan error saat deposit menggunakan huruf dan angka di rekening Rupee",
              "timedOut": null,
              "duration": 3022,
              "state": "passed",
              "speed": "fast",
              "pass": true,
              "fail": false,
              "pending": false,
              "context": null,
              "code": "//memilih user\ncy.log('Memilih user');\nBanking.selectuser('Harry Potter');\nBanking.loginusername();\n//melakukan deposit rekening dollar\ncy.log('memilih rekening');\nBanking.selectaccount('1006');\n//assertion\ncy.contains('Harry Potter').should('be.visible');\ncy.contains('Account Number : 1006').should('be.visible');\ncy.contains('Currency : Rupee').should('be.visible');\nBanking.deposit();\ncy.log('memasukan jumlah');\nBanking.enteramount('100adfgh');\nBanking.submitdeposit();\ncy.get('input[ng-model=\"amount\"]').should('have.prop', 'validationMessage', 'Please fill out this field.');",
              "err": {},
              "uuid": "41503483-8726-4dda-abb3-f660da087da3",
              "parentUUID": "eaf15ea5-d158-4011-b63c-c283f581a93c",
              "isHook": false,
              "skipped": false
            },
            {
              "title": "Harus berhasil menambahkan nilai ke rekening Rupee",
              "fullTitle": "Validasi Fitur User di rekening Rupee Harus berhasil menambahkan nilai ke rekening Rupee",
              "timedOut": null,
              "duration": 2958,
              "state": "passed",
              "speed": "fast",
              "pass": true,
              "fail": false,
              "pending": false,
              "context": null,
              "code": "//memilih user\ncy.log('Memilih user');\nBanking.selectuser('Harry Potter');\nBanking.loginusername();\n//melakukan deposit rekening dollar\ncy.log('memilih rekening');\nBanking.selectaccount('1006');\nBanking.deposit();\ncy.log('memasukan jumlah');\nBanking.enteramount('8000');\nBanking.submitdeposit();\n//assertion\ncy.log('muncul assertion');\ncy.contains('span', 'Deposit Successful').should('be.visible');",
              "err": {},
              "uuid": "fa00bf65-8516-4e0e-8346-94aac57988ed",
              "parentUUID": "eaf15ea5-d158-4011-b63c-c283f581a93c",
              "isHook": false,
              "skipped": false
            },
            {
              "title": "Harus muncul pesan error saat withdrawl menggunakan huruf di rekening Rupee",
              "fullTitle": "Validasi Fitur User di rekening Rupee Harus muncul pesan error saat withdrawl menggunakan huruf di rekening Rupee",
              "timedOut": null,
              "duration": 2892,
              "state": "passed",
              "speed": "fast",
              "pass": true,
              "fail": false,
              "pending": false,
              "context": null,
              "code": "//memilih user\ncy.log('Memilih user');\nBanking.selectuser('Harry Potter');\nBanking.loginusername();\n//memilih rekening\ncy.log('memilih rekening');\nBanking.selectaccount('1006');\n//masuk menu withdrawl\nBanking.withdrawl();\ncy.contains('Amount to be Withdrawn :').should('be.visible');\ncy.log('memasukan jumlah');\nBanking.enterwithdrawl('affffk');\ncy.get('input[ng-model=\"amount\"]').should('have.prop', 'validationMessage', 'Please fill out this field.');",
              "err": {},
              "uuid": "9da0c945-7edd-4e09-8227-a58ff23707e9",
              "parentUUID": "eaf15ea5-d158-4011-b63c-c283f581a93c",
              "isHook": false,
              "skipped": false
            },
            {
              "title": "Harus muncul pesan error saat withdrawl mengunakan simbol di rekening Rupee",
              "fullTitle": "Validasi Fitur User di rekening Rupee Harus muncul pesan error saat withdrawl mengunakan simbol di rekening Rupee",
              "timedOut": null,
              "duration": 2776,
              "state": "passed",
              "speed": "fast",
              "pass": true,
              "fail": false,
              "pending": false,
              "context": null,
              "code": "//memilih user\ncy.log('Memilih user');\nBanking.selectuser('Harry Potter');\nBanking.loginusername();\n//memilih rekening\ncy.log('memilih rekening');\nBanking.selectaccount('1006');\n//masuk menu withdrawl\nBanking.withdrawl();\ncy.contains('Amount to be Withdrawn :').should('be.visible');\ncy.log('memasukan jumlah');\nBanking.enterwithdrawl('@#$%^&*');\ncy.get('input[ng-model=\"amount\"]').should('have.prop', 'validationMessage', 'Please fill out this field.');",
              "err": {},
              "uuid": "9c6aaf0a-3cfb-4feb-b741-8018a4642bd4",
              "parentUUID": "eaf15ea5-d158-4011-b63c-c283f581a93c",
              "isHook": false,
              "skipped": false
            },
            {
              "title": "Harus muncul pesan error saat withdrawl mengunakan simbol di rekening Rupee",
              "fullTitle": "Validasi Fitur User di rekening Rupee Harus muncul pesan error saat withdrawl mengunakan simbol di rekening Rupee",
              "timedOut": null,
              "duration": 2817,
              "state": "passed",
              "speed": "fast",
              "pass": true,
              "fail": false,
              "pending": false,
              "context": null,
              "code": "//memilih user\ncy.log('Memilih user');\nBanking.selectuser('Harry Potter');\nBanking.loginusername();\n//memilih rekening\ncy.log('memilih rekening');\nBanking.selectaccount('1004');\n//masuk menu withdrawl\nBanking.withdrawl();\ncy.contains('Amount to be Withdrawn :').should('be.visible');\ncy.log('memasukan jumlah');\nBanking.enterwithdrawl('@#$%^&*');\ncy.get('input[ng-model=\"amount\"]').should('have.prop', 'validationMessage', 'Please fill out this field.');",
              "err": {},
              "uuid": "ace2e39e-bb67-40a1-bcff-f8fa746e5ef8",
              "parentUUID": "eaf15ea5-d158-4011-b63c-c283f581a93c",
              "isHook": false,
              "skipped": false
            },
            {
              "title": "Harus Tidak Ada Respons Saat withdrawl Menggunakan Nilai minus  di rekening Dollar",
              "fullTitle": "Validasi Fitur User di rekening Rupee Harus Tidak Ada Respons Saat withdrawl Menggunakan Nilai minus  di rekening Dollar",
              "timedOut": null,
              "duration": 3709,
              "state": "passed",
              "speed": "fast",
              "pass": true,
              "fail": false,
              "pending": false,
              "context": null,
              "code": "cy.log('Memilih user');\nBanking.selectuser('Harry Potter');\nBanking.loginusername();\n//melakukan deposit rekening dollar\ncy.log('memilih rekening');\nBanking.selectaccount('1006');\n//assertion\ncy.contains('Harry Potter').should('be.visible');\ncy.contains('Account Number : 1006').should('be.visible');\ncy.contains('Currency : Rupee').should('be.visible');\nBanking.deposit();\ncy.log('memasukan jumlah');\nBanking.enteramount('1000');\nBanking.submitdeposit();\n//masuk menu withdrawl\nBanking.withdrawl();\ncy.contains('Amount to be Withdrawn :').should('be.visible');\ncy.log('memasukan jumlah');\nBanking.enterwithdrawl('-1000');\ncy.get('button[type=\"submit\"]').should('not.be.disabled');",
              "err": {},
              "uuid": "12f60609-1d39-4ba3-a533-39cdd9dbb4c7",
              "parentUUID": "eaf15ea5-d158-4011-b63c-c283f581a93c",
              "isHook": false,
              "skipped": false
            },
            {
              "title": "Withdrawal harus ditolak ketika jumlah melebihi saldo di rekening Rupee",
              "fullTitle": "Validasi Fitur User di rekening Rupee Withdrawal harus ditolak ketika jumlah melebihi saldo di rekening Rupee",
              "timedOut": null,
              "duration": 3927,
              "state": "passed",
              "speed": "fast",
              "pass": true,
              "fail": false,
              "pending": false,
              "context": null,
              "code": "cy.log('Memilih user');\nBanking.selectuser('Harry Potter');\nBanking.loginusername();\n//melakukan deposit rekening Ruppe\ncy.log('memilih rekening');\nBanking.selectaccount('1006');\n//assertion\ncy.contains('Harry Potter').should('be.visible');\ncy.contains('Account Number : 1006').should('be.visible');\ncy.contains('Currency : Rupee').should('be.visible');\nBanking.deposit();\ncy.log('memasukan jumlah');\nBanking.enteramount('8000');\nBanking.submitdeposit();\n//assertion\ncy.log('muncul assertion');\ncy.contains('span', 'Deposit Successful').should('be.visible');\n//masuk menu withdrawl\nBanking.withdrawl();\ncy.contains('Amount to be Withdrawn :').should('be.visible');\ncy.log('memasukan jumlah');\nBanking.enterwithdrawl('70000');\nBanking.submitwithdrawl();\n//assertion\ncy.contains('Transaction Failed. You can not withdraw amount more than the balance.').should('be.visible');",
              "err": {},
              "uuid": "e3579714-cdac-4891-aa4f-42fb137cf960",
              "parentUUID": "eaf15ea5-d158-4011-b63c-c283f581a93c",
              "isHook": false,
              "skipped": false
            },
            {
              "title": "Harus berhasil melakukan withdrawl di rekening Rupee",
              "fullTitle": "Validasi Fitur User di rekening Rupee Harus berhasil melakukan withdrawl di rekening Rupee",
              "timedOut": null,
              "duration": 3796,
              "state": "passed",
              "speed": "fast",
              "pass": true,
              "fail": false,
              "pending": false,
              "context": null,
              "code": "cy.log('Memilih user');\nBanking.selectuser('Harry Potter');\nBanking.loginusername();\n//melakukan deposit rekening dollar\ncy.log('memilih rekening');\nBanking.selectaccount('1006');\n//assertion\ncy.contains('Harry Potter').should('be.visible');\ncy.contains('Account Number : 1006').should('be.visible');\ncy.contains('Currency : Rupee').should('be.visible');\nBanking.deposit();\ncy.log('memasukan jumlah');\nBanking.enteramount('10000');\nBanking.submitdeposit();\n//assertion\ncy.log('muncul assertion');\ncy.contains('span', 'Deposit Successful').should('be.visible');\n//masuk menu withdrawl\nBanking.withdrawl();\ncy.contains('Amount to be Withdrawn :').should('be.visible');\ncy.log('memasukan jumlah');\nBanking.enterwithdrawl('2000');\nBanking.submitwithdrawl();\n//assertion\ncy.contains('Transaction successful').should('be.visible');",
              "err": {},
              "uuid": "677471b1-ceab-483e-aff4-532f9443d26f",
              "parentUUID": "eaf15ea5-d158-4011-b63c-c283f581a93c",
              "isHook": false,
              "skipped": false
            }
          ],
          "suites": [],
          "passes": [
            "4cc0e09d-c304-44a3-ae9c-40af8d913c78",
            "3805bb32-dbc7-47fa-8cd4-e501b16ca730",
            "947086bb-4b86-46a4-b68f-0ef1a3ac5bed",
            "41503483-8726-4dda-abb3-f660da087da3",
            "fa00bf65-8516-4e0e-8346-94aac57988ed",
            "9da0c945-7edd-4e09-8227-a58ff23707e9",
            "9c6aaf0a-3cfb-4feb-b741-8018a4642bd4",
            "ace2e39e-bb67-40a1-bcff-f8fa746e5ef8",
            "12f60609-1d39-4ba3-a533-39cdd9dbb4c7",
            "e3579714-cdac-4891-aa4f-42fb137cf960",
            "677471b1-ceab-483e-aff4-532f9443d26f"
          ],
          "failures": [],
          "pending": [],
          "skipped": [],
          "duration": 35373,
          "root": false,
          "rootEmpty": false,
          "_timeout": 2000
        }
      ],
      "passes": [],
      "failures": [],
      "pending": [],
      "skipped": [],
      "duration": 0,
      "root": true,
      "rootEmpty": true,
      "_timeout": 2000
    },
    {
      "uuid": "2978f31f-da06-482b-a56d-857995bb20b2",
      "title": "",
      "fullFile": "cypress\\integration\\transactions.test.js",
      "file": "cypress\\integration\\transactions.test.js",
      "beforeHooks": [],
      "afterHooks": [],
      "tests": [],
      "suites": [
        {
          "uuid": "cac94562-7540-48d1-8a22-4d562de1017f",
          "title": "Validasi Fitur Transaksi",
          "fullFile": "",
          "file": "",
          "beforeHooks": [],
          "afterHooks": [],
          "tests": [
            {
              "title": "Harus dapat menampikan Transaksi di rekening Dollar",
              "fullTitle": "Validasi Fitur Transaksi Harus dapat menampikan Transaksi di rekening Dollar",
              "timedOut": null,
              "duration": 5784,
              "state": "passed",
              "speed": "medium",
              "pass": true,
              "fail": false,
              "pending": false,
              "context": null,
              "code": "cy.log('Memilih user');\nBanking.selectuser('Harry Potter');\nBanking.loginusername();\n//melakukan deposit rekening dollar\ncy.log('memilih rekening');\nBanking.selectaccount('1004');\n//assertion\ncy.contains('Harry Potter').should('be.visible');\ncy.contains('Account Number : 1004').should('be.visible');\ncy.contains('Currency : Dollar').should('be.visible');\nBanking.deposit();\ncy.log('memasukan jumlah');\nBanking.enteramount('5000');\nBanking.submitdeposit();\n//assertion\ncy.log('muncul assertion');\ncy.contains('span', 'Deposit Successful').should('be.visible');\n//masuk menu withdrawl\nBanking.withdrawl();\ncy.contains('Amount to be Withdrawn :').should('be.visible');\ncy.log('memasukan jumlah');\nBanking.enterwithdrawl('2000');\nBanking.submitwithdrawl();\n//assertion\ncy.contains('Transaction successful').should('be.visible');\n//masuk menu transaksi\ncy.log('masuk ke menu transaksi');\nBanking.transaction();\n//assertion\ncy.log('muncul assertion');\ncy.contains('Date-Time').should('be.visible');",
              "err": {},
              "uuid": "e5c7dda6-acfe-4caf-a9fb-9f677dec1a5c",
              "parentUUID": "cac94562-7540-48d1-8a22-4d562de1017f",
              "isHook": false,
              "skipped": false
            },
            {
              "title": "Harus dapat menampikan Transaksi di rekening Pound",
              "fullTitle": "Validasi Fitur Transaksi Harus dapat menampikan Transaksi di rekening Pound",
              "timedOut": null,
              "duration": 3813,
              "state": "passed",
              "speed": "fast",
              "pass": true,
              "fail": false,
              "pending": false,
              "context": null,
[...]
              "state": "passed",
              "speed": "fast",
              "pass": true,
              "fail": false,
              "pending": false,
              "context": null,
              "code": "//memilih user\ncy.log('Memilih user');\nBanking.selectuser('Hermoine Granger');\nBanking.loginusername();\n//memilih rekening\ncy.log('memilih rekening');\nBanking.selectaccount('1001');\n//masuk menu transaksi\ncy.log('masuk ke menu transaksi');\nBanking.transaction();\n//menggukan fungsi reset\ncy.log('menggukan reset');\nBanking.reset();\n//assertion\ncy.contains('Date-Time ').should('be.visible');",
              "err": {},
              "uuid": "c2707e37-11c4-4af8-bdef-6114613bbef9",
              "parentUUID": "cac94562-7540-48d1-8a22-4d562de1017f",
              "isHook": false,
              "skipped": false
            },
            {
              "title": "Harus berhasil Logout dari halaman transaksi",
              "fullTitle": "Validasi Fitur Transaksi Harus berhasil Logout dari halaman transaksi",
              "timedOut": null,
              "duration": 2213,
              "state": "passed",
              "speed": "fast",
              "pass": true,
              "fail": false,
              "pending": false,
              "context": null,
              "code": "//memilih user\ncy.log('Memilih user');\nBanking.selectuser('Hermoine Granger');\nBanking.loginusername();\n//memilih rekening\ncy.log('memilih rekening');\nBanking.selectaccount('1001');\n//masuk menu transaksi\ncy.log('masuk ke menu transaksi');\nBanking.transaction();\n//logout\ncy.log('logout');\nBanking.Logout();\n//assertion\ncy.contains('Your Name :').should('be.visible');\ncy.get('#userSelect').should('exist').and('be.visible');",
              "err": {},
              "uuid": "6029466a-d30b-46b4-af9e-943081cb04ac",
              "parentUUID": "cac94562-7540-48d1-8a22-4d562de1017f",
              "isHook": false,
              "skipped": false
            },
            {
              "title": "Harus berhasil navigasi ke Home di halaman Transaksi",
              "fullTitle": "Validasi Fitur Transaksi Harus berhasil navigasi ke Home di halaman Transaksi",
              "timedOut": null,
              "duration": 2939,
              "state": "passed",
              "speed": "fast",
              "pass": true,
              "fail": false,
              "pending": false,
              "context": null,
              "code": "//memilih user\ncy.log('Memilih user');\nBanking.selectuser('Hermoine Granger');\nBanking.loginusername();\n//memilih rekening\ncy.log('memilih rekening');\nBanking.selectaccount('1001');\n//masuk menu transaksi\ncy.log('masuk ke menu transaksi');\nBanking.transaction();\n//kembali ke halaman utama\ncy.log('kembali ke halaman utama');\nBanking.navigateTohome();\n//assertion\ncy.get('button[ng-click=\"home()\"]').should('be.visible');\ncy.get('button[ng-click=\"customer()\"]').should('be.visible');\ncy.get('button[ng-click=\"manager()\"]').should('be.visible');",
              "err": {},
              "uuid": "f120cf2d-0591-472a-ad40-c1c0c53ba73d",
              "parentUUID": "cac94562-7540-48d1-8a22-4d562de1017f",
              "isHook": false,
              "skipped": false
            }
          ],
          "suites": [],
          "passes": [
            "e5c7dda6-acfe-4caf-a9fb-9f677dec1a5c",
            "681c56d8-c54e-4b30-9530-54f2a80b37d9",
            "7094e4dd-b2b9-4086-8665-9993708a71ba",
            "321e53ef-8451-4956-a25d-929d1693b21a",
            "aa4bc34a-1b7a-4c75-b3f3-2f641f7fa899",
            "b41aeb89-a943-48e7-89a0-b5cecd1d42c8",
            "c2707e37-11c4-4af8-bdef-6114613bbef9",
            "6029466a-d30b-46b4-af9e-943081cb04ac",
            "f120cf2d-0591-472a-ad40-c1c0c53ba73d"
          ],
          "failures": [],
          "pending": [],
          "skipped": [],
          "duration": 30347,
          "root": false,
          "rootEmpty": false,
          "_timeout": 2000
        }
      ],
      "passes": [],
      "failures": [],
      "pending": [],
      "skipped": [],
      "duration": 0,
      "root": true,
      "rootEmpty": true,
      "_timeout": 2000
    },
    {
      "uuid": "8b55af5a-50dd-4faf-b810-3a687900c581",
      "title": "",
      "fullFile": "cypress\\integration\\OpenAccount.test.js",
      "file": "cypress\\integration\\OpenAccount.test.js",
      "beforeHooks": [],
      "afterHooks": [],
      "tests": [],
      "suites": [
        {
          "uuid": "99549abe-35bf-4961-921b-24555506b588",
          "title": "Validasi Fitur Menambah Rekening",
          "fullFile": "",
          "file": "",
          "beforeHooks": [],
          "afterHooks": [],
          "tests": [
            {
              "title": "Harus berhasil membuka akun dengan mata uang Dollar untuk customer baru",
              "fullTitle": "Validasi Fitur Menambah Rekening Harus berhasil membuka akun dengan mata uang Dollar untuk customer baru",
              "timedOut": null,
              "duration": 5447,
              "state": "passed",
              "speed": "medium",
              "pass": true,
              "fail": false,
              "pending": false,
              "context": null,
              "code": "//membahcustomer\ncy.log('Menambah Customer');\nBanking.clickAddCustomer();\nBanking.fillCustomerDetails('agum', 'ruswandi', 'E12456');\nBanking.submitCustomerForm();\n//membuka rekening dollar\nBanking.navigateToOpenaccount();\ncy.log('Menambah Rekening Dollar');\nBanking.selectCustomer('agum ruswandi', 'Dollar');\nBanking.clickProcess();\n//Validasi rekening sudah terdaftar\nBanking.navigateToCustomer();\ncy.log('Mengecek Rekening Dollar yg sudah terdaftar');\nBanking.searchCustomer('agum');\ncy.get('table').contains('td', 'agum').should('exist');",
              "err": {},
              "uuid": "bad9bb8c-834f-4aa4-aff9-c8ec37daaf99",
              "parentUUID": "99549abe-35bf-4961-921b-24555506b588",
              "isHook": false,
              "skipped": false
            },
            {
              "title": "Harus berhasil membuka akun dengan mata uang Pound",
              "fullTitle": "Validasi Fitur Menambah Rekening Harus berhasil membuka akun dengan mata uang Pound",
              "timedOut": null,
              "duration": 4010,
              "state": "passed",
              "speed": "fast",
              "pass": true,
              "fail": false,
              "pending": false,
              "context": null,
              "code": "//membahcustomer\ncy.log('Menambah Customer');\nBanking.clickAddCustomer();\nBanking.fillCustomerDetails('agum', 'ruswandi', 'E12456');\nBanking.submitCustomerForm();\n//membuka rekening dollar\nBanking.navigateToOpenaccount();\ncy.log('Menambah Rekening Dollar');\nBanking.selectCustomer('agum ruswandi', 'Dollar');\nBanking.clickProcess();\n//membuka rekening Pondsterling\ncy.log('Menambah Rekening Pound');\nBanking.selectCustomer('agum ruswandi', 'Pound');\nBanking.clickProcess();\n//Validasi rekening sudah terdaftar\nBanking.navigateToCustomer();\ncy.log('Mengecek Rekening Dollar & Pound yg sudah terdaftar');\nBanking.searchCustomer('agum');\ncy.get('table').contains('td', 'agum').should('exist');",
              "err": {},
              "uuid": "e0309bb6-6d43-4aa2-8d82-2709f6577ec6",
              "parentUUID": "99549abe-35bf-4961-921b-24555506b588",
              "isHook": false,
              "skipped": false
            },
            {
              "title": "Harus berhasil membuka akun dengan mata uang Rupee",
              "fullTitle": "Validasi Fitur Menambah Rekening Harus berhasil membuka akun dengan mata uang Rupee",
              "timedOut": null,
              "duration": 4482,
              "state": "passed",
              "speed": "fast",
              "pass": true,
              "fail": false,
              "pending": false,
              "context": null,
              "code": "//membahcustomer\ncy.log('Menambah Customer');\nBanking.clickAddCustomer();\nBanking.fillCustomerDetails('agum', 'ruswandi', 'E12456');\nBanking.submitCustomerForm();\n//membuka rekening dollar\nBanking.navigateToOpenaccount();\ncy.log('Menambah Rekening Dollar');\nBanking.selectCustomer('agum ruswandi', 'Dollar');\nBanking.clickProcess();\n//membuka rekening Pondsterling\ncy.log('Menambah Rekening Pound');\nBanking.selectCustomer('agum ruswandi', 'Pound');\ncy.log('Menambah Rekening Pound');\nBanking.clickProcess();\n//menambah rekening Rupee\ncy.log('Menambah Rekening Rupee');\nBanking.selectCustomer('agum ruswandi', 'Rupee');\nBanking.clickProcess();\n//validasi \nBanking.navigateToCustomer();\ncy.log('Mengecek Rekening Dollar,Pound & Rupee yg sudah terdaftar');\nBanking.searchCustomer('agum');\ncy.get('table').contains('td', 'agum').should('exist');",
              "err": {},
              "uuid": "e5333b45-1498-4266-84f7-7cc069725701",
              "parentUUID": "99549abe-35bf-4961-921b-24555506b588",
              "isHook": false,
              "skipped": false
            },
            {
              "title": "Harus berhasil menambah akun Dollar kedua untuk customer yang sama",
              "fullTitle": "Validasi Fitur Menambah Rekening Harus berhasil menambah akun Dollar kedua untuk customer yang sama",
              "timedOut": null,
              "duration": 2511,
              "state": "passed",
              "speed": "fast",
              "pass": true,
              "fail": false,
              "pending": false,
              "context": null,
              "code": "//menambah akun dollar ganda \nBanking.navigateToOpenaccount();\ncy.log('Menambah akun Dollar kedua');\nBanking.selectCustomer('Hermoine Granger', 'Dollar');\nBanking.clickProcess();\nBanking.verifyAlertText('Account created successfully');\n//validasi rekening dollar tertambahkan\ncy.log('mengecek akun dollar tertambahkan');\nBanking.navigateToCustomer();\nBanking.searchCustomer('Hermoine');\ncy.get('table').contains('td', 'Hermoine').should('exist');",
              "err": {},
              "uuid": "630216a8-b488-4df6-afb5-71ef88df2848",
              "parentUUID": "99549abe-35bf-4961-921b-24555506b588",
              "isHook": false,
              "skipped": false
            },
            {
              "title": "Harus berhasil menambah akun Dollar ketiga untuk customer yang sama ",
              "fullTitle": "Validasi Fitur Menambah Rekening Harus berhasil menambah akun Dollar ketiga untuk customer yang sama ",
              "timedOut": null,
              "duration": 3622,
              "state": "passed",
              "speed": "fast",
              "pass": true,
              "fail": false,
              "pending": false,
              "context": null,
              "code": "//menambah akun dollar ganda \nBanking.navigateToOpenaccount();\ncy.log('Menambah akun Dollar kedua');\nBanking.selectCustomer('Hermoine Granger', 'Dollar');\nBanking.clickProcess();\nBanking.verifyAlertText('Account created successfully');\n//validasi rekening dollar tertambahkan\ncy.log('mengecek akun dollar tertambahkan');\nBanking.navigateToCustomer();\nBanking.searchCustomer('Hermoine');\ncy.get('table').contains('td', 'Hermoine').should('exist');\n//menambah akun dollar ketiga\nBanking.navigateToOpenaccount();\ncy.log('Menambah akun Dollar ketiga');\nBanking.selectCustomer('Hermoine Granger', 'Dollar');\nBanking.clickProcess();\nBanking.verifyAlertText('Account created successfully');\n//validasi rekening dollar tertambahkan\ncy.log('mengecek akun dollar tertambahkan');\nBanking.navigateToCustomer();\nBanking.searchCustomer('Hermoine');\ncy.get('table').contains('td', 'Hermoine').should('exist');",
              "err": {},
              "uuid": "cb3b6337-f9e1-4afe-98d2-85a0740ffa51",
              "parentUUID": "99549abe-35bf-4961-921b-24555506b588",
              "isHook": false,
              "skipped": false
            },
            {
              "title": "Harus berhasil menambah akun Pound kedua untuk customer yang sama",
              "fullTitle": "Validasi Fitur Menambah Rekening Harus berhasil menambah akun Pound kedua untuk customer yang sama",
              "timedOut": null,
              "duration": 2562,
              "state": "passed",
              "speed": "fast",
              "pass": true,
              "fail": false,
              "pending": false,
              "context": null,
              "code": "//menambah akun pound ganda \nBanking.navigateToOpenaccount();\ncy.log('Menambah akun Pound kedua');\nBanking.selectCustomer('Ron Weasly', 'Pound');\nBanking.clickProcess();\nBanking.verifyAlertText('Account created successfully');\n//validasi rekening pound tertambahkan\ncy.log('mengecek akun Pound tertambahkan');\nBanking.navigateToCustomer();\nBanking.searchCustomer('Ron');\ncy.get('table').contains('td', 'Ron').should('exist');",
              "err": {},
              "uuid": "5d8145e0-7c0d-45c4-a48e-e13a8d481f58",
              "parentUUID": "99549abe-35bf-4961-921b-24555506b588",
              "isHook": false,
              "skipped": false
            },
            {
              "title": "Harus berhasil menambah akun Pound ketiga untuk customer yang sama",
              "fullTitle": "Validasi Fitur Menambah Rekening Harus berhasil menambah akun Pound ketiga untuk customer yang sama",
              "timedOut": null,
              "duration": 3484,
              "state": "passed",
              "speed": "fast",
              "pass": true,
              "fail": false,
              "pending": false,
              "context": null,
              "code": "//menambah akun Pound ganda \nBanking.navigateToOpenaccount();\ncy.log('Menambah akun Pound kedua');\nBanking.selectCustomer('Ron Weasly', 'Pound');\nBanking.clickProcess();\nBanking.verifyAlertText('Account created successfully');\n//validasi rekening Pound tertambahkan\ncy.log('mengecek akun dollar tertambahkan');\nBanking.navigateToCustomer();\nBanking.searchCustomer('Ron');\ncy.get('table').contains('td', 'Ron').should('exist');\n//menambah akun Pound ketiga\nBanking.navigateToOpenaccount();\ncy.log('Menambah akun Pound ketiga');\nBanking.selectCustomer('Ron Weasly', 'Dollar');\nBanking.clickProcess();\nBanking.verifyAlertText('Account created successfully');\n//validasi rekening Pound tertambahkan\ncy.log('mengecek akun Pound tertambahkan');\nBanking.navigateToCustomer();\nBanking.searchCustomer('Ron');\ncy.get('table').contains('td', 'Ron').should('exist');",
              "err": {},
              "uuid": "6b9ace7c-3526-476e-a0c9-a684bbcc50b3",
              "parentUUID": "99549abe-35bf-4961-921b-24555506b588",
              "isHook": false,
              "skipped": false
            },
            {
              "title": "Harus berhasil menambah akun Rupee kedua untuk customer yang sama ",
              "fullTitle": "Validasi Fitur Menambah Rekening Harus berhasil menambah akun Rupee kedua untuk customer yang sama ",
              "timedOut": null,
              "duration": 2980,
              "state": "passed",
              "speed": "fast",
              "pass": true,
              "fail": false,
              "pending": false,
              "context": null,
              "code": "//menambah akun Rupee ganda \nBanking.navigateToOpenaccount();\ncy.log('Menambah akun Rupee kedua');\nBanking.selectCustomer('Harry Potter', 'Rupee');\nBanking.clickProcess();\nBanking.verifyAlertText('Account created successfully');\n//validasi rekening Rupee tertambahkan\ncy.log('mengecek akun Rupee tertambahkan');\nBanking.navigateToCustomer();\nBanking.searchCustomer('Harry');\ncy.get('table').contains('td', 'Harry').should('exist');",
              "err": {},
              "uuid": "9bfc65a8-f90e-485e-bbca-7add428129e2",
              "parentUUID": "99549abe-35bf-4961-921b-24555506b588",
              "isHook": false,
              "skipped": false
            },
            {
              "title": "Harus berhasil menambah akun Rupee ketiga untuk customer yang sama",
              "fullTitle": "Validasi Fitur Menambah Rekening Harus berhasil menambah akun Rupee ketiga untuk customer yang sama",
              "timedOut": null,
              "duration": 4150,
              "state": "passed",
              "speed": "fast",
              "pass": true,
              "fail": false,
              "pending": false,
              "context": null,
              "code": "//menambah akun Rupee ganda \nBanking.navigateToOpenaccount();\ncy.log('Menambah akun Rupee kedua');\nBanking.selectCustomer('Harry Potter', 'Rupee');\nBanking.clickProcess();\nBanking.verifyAlertText('Account created successfully');\n//validasi rekening Rupee tertambahkan\ncy.log('mengecek akun Rupee tertambahkan');\nBanking.navigateToCustomer();\nBanking.searchCustomer('Harry');\ncy.get('table').contains('td', 'Harry').should('exist');\n//menambah akun Rupee ketiga\nBanking.navigateToOpenaccount();\ncy.log('Menambah akun Ruppe ketiga');\nBanking.selectCustomer('Harry Potter', 'Rupee');\nBanking.clickProcess();\nBanking.verifyAlertText('Account created successfully');\n//validasi rekening Rupee tertambahkan\ncy.log('mengecek akun Rupee tertambahkan');\nBanking.navigateToCustomer();\nBanking.searchCustomer('Harry');\ncy.get('table').contains('td', 'Harry').should('exist');",
              "err": {},
              "uuid": "1c9d41bc-cde9-4ec2-aa9c-467e0fbd4db0",
              "parentUUID": "99549abe-35bf-4961-921b-24555506b588",
              "isHook": false,
              "skipped": false
            },
            {
              "title": "Harus menavigasi ke halaman Home dari halaman Open Account",
              "fullTitle": "Validasi Fitur Menambah Rekening Harus menavigasi ke halaman Home dari halaman Open Account",
              "timedOut": null,
              "duration": 1436,
              "state": "passed",
              "speed": "fast",
              "pass": true,
              "fail": false,
              "pending": false,
              "context": null,
              "code": "Banking.navigateToOpenaccount();\nBanking.navigateTohome();\n//assertion\ncy.get('button[ng-click=\"home()\"]').should('be.visible');\ncy.get('button[ng-click=\"customer()\"]').should('be.visible');\ncy.get('button[ng-click=\"manager()\"]').should('be.visible');",
              "err": {},
              "uuid": "10cb5680-1798-439c-9a6b-9df686ce0139",
              "parentUUID": "99549abe-35bf-4961-921b-24555506b588",
              "isHook": false,
              "skipped": false
            }
          ],
          "suites": [],
          "passes": [
            "bad9bb8c-834f-4aa4-aff9-c8ec37daaf99",
            "e0309bb6-6d43-4aa2-8d82-2709f6577ec6",
            "e5333b45-1498-4266-84f7-7cc069725701",
            "630216a8-b488-4df6-afb5-71ef88df2848",
            "cb3b6337-f9e1-4afe-98d2-85a0740ffa51",
            "5d8145e0-7c0d-45c4-a48e-e13a8d481f58",
            "6b9ace7c-3526-476e-a0c9-a684bbcc50b3",
            "9bfc65a8-f90e-485e-bbca-7add428129e2",
            "1c9d41bc-cde9-4ec2-aa9c-467e0fbd4db0",
            "10cb5680-1798-439c-9a6b-9df686ce0139"
          ],
          "failures": [],
          "pending": [],
          "skipped": [],
          "duration": 34684,
          "root": false,
          "rootEmpty": false,
          "_timeout": 2000
        }
      ],
      "passes": [],
      "failures": [],
      "pending": [],
      "skipped": [],
      "duration": 0,
      "root": true,
      "rootEmpty": true,
      "_timeout": 2000
    }
  ],
  "meta": {
    "mocha": {
      "version": "7.0.1"
    },
    "mochawesome": {
      "options": {
        "quiet": false,
        "reportFilename": "mochawesome",
        "saveHtml": false,
        "saveJson": true,
        "consoleReporter": "spec",
        "useInlineDiffs": false,
        "code": true
      },
      "version": "7.1.3"
    },
    "marge": {
      "options": {
        "reportDir": "cypress/results",
        "overwrite": false,
        "html": false
      },
      "version": "6.2.0"
    }
  }
}