{
  "stats": {
    "suites": 1,
    "tests": 11,
    "passes": 11,
    "pending": 0,
    "failures": 0,
    "start": "2025-08-14T09:12:59.349Z",
    "end": "2025-08-14T09:13:37.809Z",
    "duration": 38460,
    "testsRegistered": 11,
    "passPercent": 100,
    "pendingPercent": 0,
    "other": 0,
    "hasOther": false,
    "skipped": 0,
    "hasSkipped": false
  },
  "results": [
    {
      "uuid": "f6796968-c541-4b6f-85ae-abfc4d67340b",
      "title": "",
      "fullFile": "cypress\\integration\\testuserrupee.test.js",
      "file": "cypress\\integration\\testuserrupee.test.js",
      "beforeHooks": [],
      "afterHooks": [],
      "tests": [],
      "suites": [
        {
          "uuid": "eaf15ea5-d158-4011-b63c-c283f581a93c",
          "title": "Validasi Fitur User di rekening Rupee",
          "fullFile": "",
          "file": "",
          "beforeHooks": [],
          "afterHooks": [],
          "tests": [
            {
              "title": "Harus menampilkan pesan error saat deposit menggunakan huruf di rekening Rupee",
              "fullTitle": "Validasi Fitur User di rekening Rupee Harus menampilkan pesan error saat deposit menggunakan huruf di rekening Rupee",
              "timedOut": null,
              "duration": 3437,
              "state": "passed",
              "speed": "fast",
              "pass": true,
              "fail": false,
              "pending": false,
              "context": null,
              "code": "//memilih user\ncy.log('Memilih user');\nBanking.selectuser('Harry Potter');\nBanking.loginusername();\n//melakukan deposit rekening Ruppe\ncy.log('memilih rekening');\nBanking.selectaccount('1006');\n//assertion\ncy.contains('Harry Potter').should('be.visible');\ncy.contains('Account Number : 1006').should('be.visible');\ncy.contains('Currency : Rupee').should('be.visible');\nBanking.deposit();\ncy.log('memasukan jumlah');\nBanking.enteramount('abnmci');\nBanking.submitdeposit();\ncy.get('input[ng-model=\"amount\"]').should('have.prop', 'validationMessage', 'Please fill out this field.');",
              "err": {},
              "uuid": "4cc0e09d-c304-44a3-ae9c-40af8d913c78",
              "parentUUID": "eaf15ea5-d158-4011-b63c-c283f581a93c",
              "isHook": false,
              "skipped": false
            },
            {
              "title": "Harus menampilkan pesan error saat deposit menggunakan simbol di rekening Rupee",
              "fullTitle": "Validasi Fitur User di rekening Rupee Harus menampilkan pesan error saat deposit menggunakan simbol di rekening Rupee",
              "timedOut": null,
              "duration": 2885,
              "state": "passed",
              "speed": "fast",
              "pass": true,
              "fail": false,
              "pending": false,
              "context": null,
              "code": "//memilih user\ncy.log('Memilih user');\nBanking.selectuser('Harry Potter');\nBanking.loginusername();\n//melakukan deposit rekening Rupee\nBanking.selectaccount('1006');\n//assertion\ncy.contains('Harry Potter').should('be.visible');\ncy.contains('Account Number : 1006').should('be.visible');\ncy.contains('Currency : Rupee').should('be.visible');\nBanking.deposit();\ncy.log('memasukan jumlah');\nBanking.enteramount('%$#@&^!');\nBanking.submitdeposit();\ncy.get('input[ng-model=\"amount\"]').should('have.prop', 'validationMessage', 'Please fill out this field.');",
              "err": {},
              "uuid": "3805bb32-dbc7-47fa-8cd4-e501b16ca730",
              "parentUUID": "eaf15ea5-d158-4011-b63c-c283f581a93c",
              "isHook": false,
              "skipped": false
            },
            {
              "title": "Harus Tidak Ada Respons Saat Deposit Menggunakan Nilai minus  di rekening Rupee",
              "fullTitle": "Validasi Fitur User di rekening Rupee Harus Tidak Ada Respons Saat Deposit Menggunakan Nilai minus  di rekening Rupee",
              "timedOut": null,
              "duration": 3154,
              "state": "passed",
              "speed": "fast",
              "pass": true,
              "fail": false,
              "pending": false,
              "context": null,
              "code": "//memilih user\ncy.log('Memilih user');\nBanking.selectuser('Harry Potter');\nBanking.loginusername();\n//melakukan deposit rekening dollar\ncy.log('memilih rekening');\nBanking.selectaccount('1006');\n//assertion\ncy.contains('Harry Potter').should('be.visible');\ncy.contains('Account Number : 1006').should('be.visible');\ncy.contains('Currency : Rupee').should('be.visible');\nBanking.deposit();\ncy.log('memasukan jumlah');\nBanking.enteramount('-1000');\nBanking.submitdeposit();\ncy.get('button[type=\"submit\"]').should('not.be.disabled');",
              "err": {},
              "uuid": "947086bb-4b86-46a4-b68f-0ef1a3ac5bed",
              "parentUUID": "eaf15ea5-d158-4011-b63c-c283f581a93c",
              "isHook": false,
              "skipped": false
            },
            {
              "title": "Harus menampilkan pesan error saat deposit menggunakan huruf dan angka di rekening Rupee",
              "fullTitle": "Validasi Fitur User di rekening Rupee Harus menampilkan pesan error saat deposit menggunakan huruf dan angka di rekening Rupee",
              "timedOut": null,
              "duration": 3022,
              "state": "passed",
              "speed": "fast",
              "pass": true,
              "fail": false,
              "pending": false,
              "context": null,
              "code": "//memilih user\ncy.log('Memilih user');\nBanking.selectuser('Harry Potter');\nBanking.loginusername();\n//melakukan deposit rekening dollar\ncy.log('memilih rekening');\nBanking.selectaccount('1006');\n//assertion\ncy.contains('Harry Potter').should('be.visible');\ncy.contains('Account Number : 1006').should('be.visible');\ncy.contains('Currency : Rupee').should('be.visible');\nBanking.deposit();\ncy.log('memasukan jumlah');\nBanking.enteramount('100adfgh');\nBanking.submitdeposit();\ncy.get('input[ng-model=\"amount\"]').should('have.prop', 'validationMessage', 'Please fill out this field.');",
              "err": {},
              "uuid": "41503483-8726-4dda-abb3-f660da087da3",
              "parentUUID": "eaf15ea5-d158-4011-b63c-c283f581a93c",
              "isHook": false,
              "skipped": false
            },
            {
              "title": "Harus berhasil menambahkan nilai ke rekening Rupee",
              "fullTitle": "Validasi Fitur User di rekening Rupee Harus berhasil menambahkan nilai ke rekening Rupee",
              "timedOut": null,
              "duration": 2958,
              "state": "passed",
              "speed": "fast",
              "pass": true,
              "fail": false,
              "pending": false,
              "context": null,
              "code": "//memilih user\ncy.log('Memilih user');\nBanking.selectuser('Harry Potter');\nBanking.loginusername();\n//melakukan deposit rekening dollar\ncy.log('memilih rekening');\nBanking.selectaccount('1006');\nBanking.deposit();\ncy.log('memasukan jumlah');\nBanking.enteramount('8000');\nBanking.submitdeposit();\n//assertion\ncy.log('muncul assertion');\ncy.contains('span', 'Deposit Successful').should('be.visible');",
              "err": {},
              "uuid": "fa00bf65-8516-4e0e-8346-94aac57988ed",
              "parentUUID": "eaf15ea5-d158-4011-b63c-c283f581a93c",
              "isHook": false,
              "skipped": false
            },
            {
              "title": "Harus muncul pesan error saat withdrawl menggunakan huruf di rekening Rupee",
              "fullTitle": "Validasi Fitur User di rekening Rupee Harus muncul pesan error saat withdrawl menggunakan huruf di rekening Rupee",
              "timedOut": null,
              "duration": 2892,
              "state": "passed",
              "speed": "fast",
              "pass": true,
              "fail": false,
              "pending": false,
              "context": null,
              "code": "//memilih user\ncy.log('Memilih user');\nBanking.selectuser('Harry Potter');\nBanking.loginusername();\n//memilih rekening\ncy.log('memilih rekening');\nBanking.selectaccount('1006');\n//masuk menu withdrawl\nBanking.withdrawl();\ncy.contains('Amount to be Withdrawn :').should('be.visible');\ncy.log('memasukan jumlah');\nBanking.enterwithdrawl('affffk');\ncy.get('input[ng-model=\"amount\"]').should('have.prop', 'validationMessage', 'Please fill out this field.');",
              "err": {},
              "uuid": "9da0c945-7edd-4e09-8227-a58ff23707e9",
              "parentUUID": "eaf15ea5-d158-4011-b63c-c283f581a93c",
              "isHook": false,
              "skipped": false
            },
            {
              "title": "Harus muncul pesan error saat withdrawl mengunakan simbol di rekening Rupee",
              "fullTitle": "Validasi Fitur User di rekening Rupee Harus muncul pesan error saat withdrawl mengunakan simbol di rekening Rupee",
              "timedOut": null,
              "duration": 2776,
              "state": "passed",
              "speed": "fast",
              "pass": true,
              "fail": false,
              "pending": false,
              "context": null,
              "code": "//memilih user\ncy.log('Memilih user');\nBanking.selectuser('Harry Potter');\nBanking.loginusername();\n//memilih rekening\ncy.log('memilih rekening');\nBanking.selectaccount('1006');\n//masuk menu withdrawl\nBanking.withdrawl();\ncy.contains('Amount to be Withdrawn :').should('be.visible');\ncy.log('memasukan jumlah');\nBanking.enterwithdrawl('@#$%^&*');\ncy.get('input[ng-model=\"amount\"]').should('have.prop', 'validationMessage', 'Please fill out this field.');",
              "err": {},
              "uuid": "9c6aaf0a-3cfb-4feb-b741-8018a4642bd4",
              "parentUUID": "eaf15ea5-d158-4011-b63c-c283f581a93c",
              "isHook": false,
              "skipped": false
            },
            {
              "title": "Harus muncul pesan error saat withdrawl mengunakan simbol di rekening Rupee",
              "fullTitle": "Validasi Fitur User di rekening Rupee Harus muncul pesan error saat withdrawl mengunakan simbol di rekening Rupee",
              "timedOut": null,
              "duration": 2817,
              "state": "passed",
              "speed": "fast",
              "pass": true,
              "fail": false,
              "pending": false,
              "context": null,
              "code": "//memilih user\ncy.log('Memilih user');\nBanking.selectuser('Harry Potter');\nBanking.loginusername();\n//memilih rekening\ncy.log('memilih rekening');\nBanking.selectaccount('1004');\n//masuk menu withdrawl\nBanking.withdrawl();\ncy.contains('Amount to be Withdrawn :').should('be.visible');\ncy.log('memasukan jumlah');\nBanking.enterwithdrawl('@#$%^&*');\ncy.get('input[ng-model=\"amount\"]').should('have.prop', 'validationMessage', 'Please fill out this field.');",
              "err": {},
              "uuid": "ace2e39e-bb67-40a1-bcff-f8fa746e5ef8",
              "parentUUID": "eaf15ea5-d158-4011-b63c-c283f581a93c",
              "isHook": false,
              "skipped": false
            },
            {
              "title": "Harus Tidak Ada Respons Saat withdrawl Menggunakan Nilai minus  di rekening Dollar",
              "fullTitle": "Validasi Fitur User di rekening Rupee Harus Tidak Ada Respons Saat withdrawl Menggunakan Nilai minus  di rekening Dollar",
              "timedOut": null,
              "duration": 3709,
              "state": "passed",
              "speed": "fast",
              "pass": true,
              "fail": false,
              "pending": false,
              "context": null,
              "code": "cy.log('Memilih user');\nBanking.selectuser('Harry Potter');\nBanking.loginusername();\n//melakukan deposit rekening dollar\ncy.log('memilih rekening');\nBanking.selectaccount('1006');\n//assertion\ncy.contains('Harry Potter').should('be.visible');\ncy.contains('Account Number : 1006').should('be.visible');\ncy.contains('Currency : Rupee').should('be.visible');\nBanking.deposit();\ncy.log('memasukan jumlah');\nBanking.enteramount('1000');\nBanking.submitdeposit();\n//masuk menu withdrawl\nBanking.withdrawl();\ncy.contains('Amount to be Withdrawn :').should('be.visible');\ncy.log('memasukan jumlah');\nBanking.enterwithdrawl('-1000');\ncy.get('button[type=\"submit\"]').should('not.be.disabled');",
              "err": {},
              "uuid": "12f60609-1d39-4ba3-a533-39cdd9dbb4c7",
              "parentUUID": "eaf15ea5-d158-4011-b63c-c283f581a93c",
              "isHook": false,
              "skipped": false
            },
            {
              "title": "Withdrawal harus ditolak ketika jumlah melebihi saldo di rekening Rupee",
              "fullTitle": "Validasi Fitur User di rekening Rupee Withdrawal harus ditolak ketika jumlah melebihi saldo di rekening Rupee",
              "timedOut": null,
              "duration": 3927,
              "state": "passed",
              "speed": "fast",
              "pass": true,
              "fail": false,
              "pending": false,
              "context": null,
              "code": "cy.log('Memilih user');\nBanking.selectuser('Harry Potter');\nBanking.loginusername();\n//melakukan deposit rekening Ruppe\ncy.log('memilih rekening');\nBanking.selectaccount('1006');\n//assertion\ncy.contains('Harry Potter').should('be.visible');\ncy.contains('Account Number : 1006').should('be.visible');\ncy.contains('Currency : Rupee').should('be.visible');\nBanking.deposit();\ncy.log('memasukan jumlah');\nBanking.enteramount('8000');\nBanking.submitdeposit();\n//assertion\ncy.log('muncul assertion');\ncy.contains('span', 'Deposit Successful').should('be.visible');\n//masuk menu withdrawl\nBanking.withdrawl();\ncy.contains('Amount to be Withdrawn :').should('be.visible');\ncy.log('memasukan jumlah');\nBanking.enterwithdrawl('70000');\nBanking.submitwithdrawl();\n//assertion\ncy.contains('Transaction Failed. You can not withdraw amount more than the balance.').should('be.visible');",
              "err": {},
              "uuid": "e3579714-cdac-4891-aa4f-42fb137cf960",
              "parentUUID": "eaf15ea5-d158-4011-b63c-c283f581a93c",
              "isHook": false,
              "skipped": false
            },
            {
              "title": "Harus berhasil melakukan withdrawl di rekening Rupee",
              "fullTitle": "Validasi Fitur User di rekening Rupee Harus berhasil melakukan withdrawl di rekening Rupee",
              "timedOut": null,
              "duration": 3796,
              "state": "passed",
              "speed": "fast",
              "pass": true,
              "fail": false,
              "pending": false,
              "context": null,
              "code": "cy.log('Memilih user');\nBanking.selectuser('Harry Potter');\nBanking.loginusername();\n//melakukan deposit rekening dollar\ncy.log('memilih rekening');\nBanking.selectaccount('1006');\n//assertion\ncy.contains('Harry Potter').should('be.visible');\ncy.contains('Account Number : 1006').should('be.visible');\ncy.contains('Currency : Rupee').should('be.visible');\nBanking.deposit();\ncy.log('memasukan jumlah');\nBanking.enteramount('10000');\nBanking.submitdeposit();\n//assertion\ncy.log('muncul assertion');\ncy.contains('span', 'Deposit Successful').should('be.visible');\n//masuk menu withdrawl\nBanking.withdrawl();\ncy.contains('Amount to be Withdrawn :').should('be.visible');\ncy.log('memasukan jumlah');\nBanking.enterwithdrawl('2000');\nBanking.submitwithdrawl();\n//assertion\ncy.contains('Transaction successful').should('be.visible');",
              "err": {},
              "uuid": "677471b1-ceab-483e-aff4-532f9443d26f",
              "parentUUID": "eaf15ea5-d158-4011-b63c-c283f581a93c",
              "isHook": false,
              "skipped": false
            }
          ],
          "suites": [],
          "passes": [
            "4cc0e09d-c304-44a3-ae9c-40af8d913c78",
            "3805bb32-dbc7-47fa-8cd4-e501b16ca730",
            "947086bb-4b86-46a4-b68f-0ef1a3ac5bed",
            "41503483-8726-4dda-abb3-f660da087da3",
            "fa00bf65-8516-4e0e-8346-94aac57988ed",
            "9da0c945-7edd-4e09-8227-a58ff23707e9",
            "9c6aaf0a-3cfb-4feb-b741-8018a4642bd4",
            "ace2e39e-bb67-40a1-bcff-f8fa746e5ef8",
            "12f60609-1d39-4ba3-a533-39cdd9dbb4c7",
            "e3579714-cdac-4891-aa4f-42fb137cf960",
            "677471b1-ceab-483e-aff4-532f9443d26f"
          ],
          "failures": [],
          "pending": [],
          "skipped": [],
          "duration": 35373,
          "root": false,
          "rootEmpty": false,
          "_timeout": 2000
        }
      ],
      "passes": [],
      "failures": [],
      "pending": [],
      "skipped": [],
      "duration": 0,
      "root": true,
      "rootEmpty": true,
      "_timeout": 2000
    }
  ],
  "meta": {
    "mocha": {
      "version": "7.0.1"
    },
    "mochawesome": {
      "options": {
        "quiet": false,
        "reportFilename": "mochawesome",
        "saveHtml": false,
        "saveJson": true,
        "consoleReporter": "spec",
        "useInlineDiffs": false,
        "code": true
      },
      "version": "7.1.3"
    },
    "marge": {
      "options": {
        "reportDir": "cypress/results",
        "overwrite": false,
        "html": false
      },
      "version": "6.2.0"
    }
  }
}