{
  "stats": {
    "suites": 1,
    "tests": 15,
    "passes": 15,
    "pending": 0,
    "failures": 0,
    "start": "2025-08-14T09:10:15.121Z",
    "end": "2025-08-14T09:11:03.281Z",
    "duration": 48160,
    "testsRegistered": 15,
    "passPercent": 100,
    "pendingPercent": 0,
    "other": 0,
    "hasOther": false,
    "skipped": 0,
    "hasSkipped": false
  },
  "results": [
    {
      "uuid": "a6b89032-186a-430f-8dfe-27a732bef017",
      "title": "",
      "fullFile": "cypress\\integration\\addCustomer.test.js",
      "file": "cypress\\integration\\addCustomer.test.js",
      "beforeHooks": [],
      "afterHooks": [],
      "tests": [],
      "suites": [
        {
          "uuid": "bdae9dde-9457-4aed-8ebd-1573cfaaecce",
          "title": "Validasi Fitur Menambah Customer ",
          "fullFile": "",
          "file": "",
          "beforeHooks": [],
          "afterHooks": [],
          "tests": [
            {
              "title": "Harus berhasil menambah customer baru dengan data yang valid",
              "fullTitle": "Validasi Fitur Menambah Customer  Harus berhasil menambah customer baru dengan data yang valid",
              "timedOut": null,
              "duration": 3634,
              "state": "passed",
              "speed": "fast",
              "pass": true,
              "fail": false,
              "pending": false,
              "context": null,
              "code": "Banking.clickAddCustomer();\nBanking.fillCustomerDetails('agum', 'ruswandi', 'E12456');\nBanking.submitCustomerForm();\nBanking.verifyAlertText('Customer added successfully');",
              "err": {},
              "uuid": "01bbb66f-11d5-4566-9593-88224e04dc30",
              "parentUUID": "bdae9dde-9457-4aed-8ebd-1573cfaaecce",
              "isHook": false,
              "skipped": false
            },
            {
              "title": "Harus menampilkan pesan error saat penambahan customer duplikat dengan data yang sama",
              "fullTitle": "Validasi Fitur Menambah Customer  Harus menampilkan pesan error saat penambahan customer duplikat dengan data yang sama",
              "timedOut": null,
              "duration": 4181,
              "state": "passed",
              "speed": "fast",
              "pass": true,
              "fail": false,
              "pending": false,
              "context": null,
              "code": "//menambah custommer pertama\nBanking.clickAddCustomer();\nBanking.fillCustomerDetails('agum', 'ruswandi', 'E12456');\nBanking.submitCustomerForm();\nBanking.verifyAlertText('Customer added successfully');\n//menambah customer ke dua\nBanking.clickAddCustomer();\nBanking.fillCustomerDetails1('agum', 'ruswandi', 'E12456');\nBanking.submitCustomerForm();\n//validasi penambahan duplikat Customer\nBanking.navigateToCustomer();\n// Verifikasi bahwa \"agum\" muncul di tabel (dalam kolom First Name)\ncy.get('table').contains('td', 'agum').should('exist');",
              "err": {},
              "uuid": "4d9c4d78-dbe7-41cd-b192-df4e651a19b7",
              "parentUUID": "bdae9dde-9457-4aed-8ebd-1573cfaaecce",
              "isHook": false,
              "skipped": false
            },
            {
              "title": "Harus menampilkan pesan error saat menambah customer hanya dengan First Name",
              "fullTitle": "Validasi Fitur Menambah Customer  Harus menampilkan pesan error saat menambah customer hanya dengan First Name",
              "timedOut": null,
              "duration": 3608,
              "state": "passed",
              "speed": "fast",
              "pass": true,
              "fail": false,
              "pending": false,
              "context": null,
              "code": "Banking.clickAddCustomer();\nBanking.fillCustomerDetails1('agum', '', '');\nBanking.submitCustomerForm();\ncy.get('input[ng-model=\"lName\"]').should('have.prop', 'validationMessage', 'Please fill out this field.');\ncy.get('input[ng-model=\"postCd\"]').should('have.prop', 'validationMessage', 'Please fill out this field.');",
              "err": {},
              "uuid": "e8e4e372-34f4-4c37-9341-ebd4f7d5eb17",
              "parentUUID": "bdae9dde-9457-4aed-8ebd-1573cfaaecce",
              "isHook": false,
              "skipped": false
            },
            {
              "title": "Harus menampilkan pesan error saat menambah customer hanya dengan Last Name",
              "fullTitle": "Validasi Fitur Menambah Customer  Harus menampilkan pesan error saat menambah customer hanya dengan Last Name",
              "timedOut": null,
              "duration": 4439,
              "state": "passed",
              "speed": "fast",
              "pass": true,
              "fail": false,
              "pending": false,
              "context": null,
              "code": "Banking.clickAddCustomer();\nBanking.fillCustomerDetails1('', 'ruswandi', '');\nBanking.submitCustomerForm();\ncy.get('input[ng-model=\"fName\"]').should('have.prop', 'validationMessage', 'Please fill out this field.');\ncy.get('input[ng-model=\"postCd\"]').should('have.prop', 'validationMessage', 'Please fill out this field.');",
              "err": {},
              "uuid": "6ecd1ee9-c6ec-448c-93a2-cc259f211138",
              "parentUUID": "bdae9dde-9457-4aed-8ebd-1573cfaaecce",
              "isHook": false,
              "skipped": false
            },
            {
              "title": "Harus menampilkan pesan error saat menambah customer hanya dengan Postcode",
              "fullTitle": "Validasi Fitur Menambah Customer  Harus menampilkan pesan error saat menambah customer hanya dengan Postcode",
              "timedOut": null,
              "duration": 2571,
              "state": "passed",
              "speed": "fast",
              "pass": true,
              "fail": false,
              "pending": false,
              "context": null,
              "code": "Banking.clickAddCustomer();\nBanking.fillCustomerDetails1('', '', '123456');\nBanking.submitCustomerForm();\ncy.get('input[ng-model=\"fName\"]').should('have.prop', 'validationMessage', 'Please fill out this field.');\ncy.get('input[ng-model=\"lName\"]').should('have.prop', 'validationMessage', 'Please fill out this field.');",
              "err": {},
              "uuid": "8d28b3a9-e72c-40a4-9335-556e58df19ad",
              "parentUUID": "bdae9dde-9457-4aed-8ebd-1573cfaaecce",
              "isHook": false,
              "skipped": false
            },
            {
              "title": "Harus menampilkan pesan error saat semua field customer kosong",
              "fullTitle": "Validasi Fitur Menambah Customer  Harus menampilkan pesan error saat semua field customer kosong",
              "timedOut": null,
              "duration": 2616,
              "state": "passed",
              "speed": "fast",
              "pass": true,
              "fail": false,
              "pending": false,
              "context": null,
              "code": "Banking.clickAddCustomer();\nBanking.fillCustomerDetails1('', '', '');\nBanking.submitCustomerForm();\ncy.get('input[ng-model=\"fName\"]').should('have.prop', 'validationMessage', 'Please fill out this field.');\ncy.get('input[ng-model=\"lName\"]').should('have.prop', 'validationMessage', 'Please fill out this field.');\ncy.get('input[ng-model=\"postCd\"]').should('have.prop', 'validationMessage', 'Please fill out this field.');",
              "err": {},
              "uuid": "bce72942-b27c-4588-886a-30430aaaab62",
              "parentUUID": "bdae9dde-9457-4aed-8ebd-1573cfaaecce",
              "isHook": false,
              "skipped": false
            },
            {
              "title": "Harus berhasil menambah customer dengan First Name berisi kombinasi karakter dan angka",
              "fullTitle": "Validasi Fitur Menambah Customer  Harus berhasil menambah customer dengan First Name berisi kombinasi karakter dan angka",
              "timedOut": null,
              "duration": 2917,
              "state": "passed",
              "speed": "fast",
              "pass": true,
              "fail": false,
              "pending": false,
              "context": null,
              "code": "Banking.clickAddCustomer();\nBanking.fillCustomerDetails1('@g+*&^^123', 'ruswandi', '123456');\nBanking.submitCustomerForm();\nBanking.verifyAlertText('Customer added successfully');",
              "err": {},
              "uuid": "518c8c65-9d2d-44d5-8671-e8126429016c",
              "parentUUID": "bdae9dde-9457-4aed-8ebd-1573cfaaecce",
              "isHook": false,
              "skipped": false
            },
            {
              "title": "Harus berhasil menambah customer dengan Last Name berisi kombinasi karakter dan angka",
              "fullTitle": "Validasi Fitur Menambah Customer  Harus berhasil menambah customer dengan Last Name berisi kombinasi karakter dan angka",
              "timedOut": null,
              "duration": 2798,
              "state": "passed",
              "speed": "fast",
              "pass": true,
              "fail": false,
              "pending": false,
              "context": null,
              "code": "Banking.clickAddCustomer();\nBanking.fillCustomerDetails('agum', '12r-_-$@#', 'E1234589');\nBanking.submitCustomerForm();\nBanking.verifyAlertText('Customer added successfully');",
              "err": {},
              "uuid": "01ae8620-5e56-4ebb-96b4-6d5aba760e42",
              "parentUUID": "bdae9dde-9457-4aed-8ebd-1573cfaaecce",
              "isHook": false,
              "skipped": false
            },
            {
              "title": "Harus berhasil menambah customer dengan Postcode berisi kombinasi karakter dan angka",
              "fullTitle": "Validasi Fitur Menambah Customer  Harus berhasil menambah customer dengan Postcode berisi kombinasi karakter dan angka",
              "timedOut": null,
              "duration": 2588,
              "state": "passed",
              "speed": "fast",
              "pass": true,
              "fail": false,
              "pending": false,
              "context": null,
              "code": "Banking.clickAddCustomer();\nBanking.fillCustomerDetails('agum', 'ruswandi', 'E123+*&%$');\nBanking.submitCustomerForm();\nBanking.verifyAlertText('Customer added successfully');",
              "err": {},
              "uuid": "d5acb09b-b8fa-41b8-8e92-4b5683260fc2",
              "parentUUID": "bdae9dde-9457-4aed-8ebd-1573cfaaecce",
              "isHook": false,
              "skipped": false
            },
            {
              "title": "Harus berhasil menambah customer dengan semua field berisi kombinasi karakter dan angka",
              "fullTitle": "Validasi Fitur Menambah Customer  Harus berhasil menambah customer dengan semua field berisi kombinasi karakter dan angka",
              "timedOut": null,
              "duration": 2684,
              "state": "passed",
              "speed": "fast",
              "pass": true,
              "fail": false,
              "pending": false,
              "context": null,
              "code": "Banking.clickAddCustomer();\nBanking.fillCustomerDetails('@g%$#@12', 'r%^##@#%124', 'E123+*&%$');\nBanking.submitCustomerForm();\nBanking.verifyAlertText('Customer added successfully');",
              "err": {},
              "uuid": "8a50490a-3737-47d3-9602-f60d6ec9ae52",
              "parentUUID": "bdae9dde-9457-4aed-8ebd-1573cfaaecce",
              "isHook": false,
              "skipped": false
            },
            {
              "title": "Harus berhasil menambah customer dengan First Name huruf kapital",
              "fullTitle": "Validasi Fitur Menambah Customer  Harus berhasil menambah customer dengan First Name huruf kapital",
              "timedOut": null,
              "duration": 2422,
              "state": "passed",
              "speed": "fast",
              "pass": true,
              "fail": false,
              "pending": false,
              "context": null,
              "code": "Banking.clickAddCustomer();\nBanking.fillCustomerDetails('AGUM', 'ruswandi', 'w123456');\nBanking.submitCustomerForm();\nBanking.verifyAlertText('Customer added successfully');",
              "err": {},
              "uuid": "b0a4f5a7-05eb-45b3-a2e8-a049743f4392",
              "parentUUID": "bdae9dde-9457-4aed-8ebd-1573cfaaecce",
              "isHook": false,
              "skipped": false
            },
            {
              "title": "Harus berhasil menambah customer dengan Last Name huruf kapital",
              "fullTitle": "Validasi Fitur Menambah Customer  Harus berhasil menambah customer dengan Last Name huruf kapital",
              "timedOut": null,
              "duration": 2549,
              "state": "passed",
              "speed": "fast",
              "pass": true,
              "fail": false,
              "pending": false,
              "context": null,
              "code": "Banking.clickAddCustomer();\nBanking.fillCustomerDetails('agum', 'RUSWANDI', 'w123456');\nBanking.submitCustomerForm();\nBanking.verifyAlertText('Customer added successfully');",
              "err": {},
              "uuid": "8be32116-c9c1-44b8-84f3-3e44d0c708a2",
              "parentUUID": "bdae9dde-9457-4aed-8ebd-1573cfaaecce",
              "isHook": false,
              "skipped": false
            },
            {
              "title": "Harus berhasil menambah customer dengan Postcode huruf kapital",
              "fullTitle": "Validasi Fitur Menambah Customer  Harus berhasil menambah customer dengan Postcode huruf kapital",
              "timedOut": null,
              "duration": 2560,
              "state": "passed",
              "speed": "fast",
              "pass": true,
              "fail": false,
              "pending": false,
              "context": null,
              "code": "Banking.clickAddCustomer();\nBanking.fillCustomerDetails('agum', 'ruswandi', 'AZSDFGH');\nBanking.submitCustomerForm();\nBanking.verifyAlertText('Customer added successfully');",
              "err": {},
              "uuid": "7b1ace0d-a752-4e19-9bd2-ec2b12b9bd05",
              "parentUUID": "bdae9dde-9457-4aed-8ebd-1573cfaaecce",
              "isHook": false,
              "skipped": false
            },
            {
              "title": "Harus berhasil menambah customer dengan semua field huruf kapital",
              "fullTitle": "Validasi Fitur Menambah Customer  Harus berhasil menambah customer dengan semua field huruf kapital",
              "timedOut": null,
              "duration": 2567,
              "state": "passed",
              "speed": "fast",
              "pass": true,
              "fail": false,
              "pending": false,
              "context": null,
              "code": "Banking.clickAddCustomer();\nBanking.fillCustomerDetails('AGUM', 'RUSWANDI', 'AZSDFGH');\nBanking.submitCustomerForm();\nBanking.verifyAlertText('Customer added successfully');",
              "err": {},
              "uuid": "1d8d1f13-0059-4581-8541-69f0ae86d2bd",
              "parentUUID": "bdae9dde-9457-4aed-8ebd-1573cfaaecce",
              "isHook": false,
              "skipped": false
            },
            {
              "title": "Harus menavigasi ke halaman Home dari halaman Add Customer",
              "fullTitle": "Validasi Fitur Menambah Customer  Harus menavigasi ke halaman Home dari halaman Add Customer",
              "timedOut": null,
              "duration": 1933,
              "state": "passed",
              "speed": "fast",
              "pass": true,
              "fail": false,
              "pending": false,
              "context": null,
              "code": "Banking.clickAddCustomer();\nBanking.navigateTohome();\n//assertion\ncy.get('button[ng-click=\"home()\"]').should('be.visible');\ncy.get('button[ng-click=\"customer()\"]').should('be.visible');\ncy.get('button[ng-click=\"manager()\"]').should('be.visible');",
              "err": {},
              "uuid": "b8b0fe31-4745-4fac-8b0b-826a58581187",
              "parentUUID": "bdae9dde-9457-4aed-8ebd-1573cfaaecce",
              "isHook": false,
              "skipped": false
            }
          ],
          "suites": [],
          "passes": [
            "01bbb66f-11d5-4566-9593-88224e04dc30",
            "4d9c4d78-dbe7-41cd-b192-df4e651a19b7",
            "e8e4e372-34f4-4c37-9341-ebd4f7d5eb17",
            "6ecd1ee9-c6ec-448c-93a2-cc259f211138",
            "8d28b3a9-e72c-40a4-9335-556e58df19ad",
            "bce72942-b27c-4588-886a-30430aaaab62",
            "518c8c65-9d2d-44d5-8671-e8126429016c",
            "01ae8620-5e56-4ebb-96b4-6d5aba760e42",
            "d5acb09b-b8fa-41b8-8e92-4b5683260fc2",
            "8a50490a-3737-47d3-9602-f60d6ec9ae52",
            "b0a4f5a7-05eb-45b3-a2e8-a049743f4392",
            "8be32116-c9c1-44b8-84f3-3e44d0c708a2",
            "7b1ace0d-a752-4e19-9bd2-ec2b12b9bd05",
            "1d8d1f13-0059-4581-8541-69f0ae86d2bd",
            "b8b0fe31-4745-4fac-8b0b-826a58581187"
          ],
          "failures": [],
          "pending": [],
          "skipped": [],
          "duration": 44067,
          "root": false,
          "rootEmpty": false,
          "_timeout": 2000
        }
      ],
      "passes": [],
      "failures": [],
      "pending": [],
      "skipped": [],
      "duration": 0,
      "root": true,
      "rootEmpty": true,
      "_timeout": 2000
    }
  ],
  "meta": {
    "mocha": {
      "version": "7.0.1"
    },
    "mochawesome": {
      "options": {
        "quiet": false,
        "reportFilename": "mochawesome",
        "saveHtml": false,
        "saveJson": true,
        "consoleReporter": "spec",
        "useInlineDiffs": false,
        "code": true
      },
      "version": "7.1.3"
    },
    "marge": {
      "options": {
        "reportDir": "cypress/results",
        "overwrite": false,
        "html": false
      },
      "version": "6.2.0"
    }
  }
}