{
  "stats": {
    "suites": 1,
    "tests": 10,
    "passes": 10,
    "pending": 0,
    "failures": 0,
    "start": "2025-08-14T09:09:32.722Z",
    "end": "2025-08-14T09:10:11.492Z",
    "duration": 38770,
    "testsRegistered": 10,
    "passPercent": 100,
    "pendingPercent": 0,
    "other": 0,
    "hasOther": false,
    "skipped": 0,
    "hasSkipped": false
  },
  "results": [
    {
      "uuid": "8b55af5a-50dd-4faf-b810-3a687900c581",
      "title": "",
      "fullFile": "cypress\\integration\\OpenAccount.test.js",
      "file": "cypress\\integration\\OpenAccount.test.js",
      "beforeHooks": [],
      "afterHooks": [],
      "tests": [],
      "suites": [
        {
          "uuid": "99549abe-35bf-4961-921b-24555506b588",
          "title": "Validasi Fitur Menambah Rekening",
          "fullFile": "",
          "file": "",
          "beforeHooks": [],
          "afterHooks": [],
          "tests": [
            {
              "title": "Harus berhasil membuka akun dengan mata uang Dollar untuk customer baru",
              "fullTitle": "Validasi Fitur Menambah Rekening Harus berhasil membuka akun dengan mata uang Dollar untuk customer baru",
              "timedOut": null,
              "duration": 5447,
              "state": "passed",
              "speed": "medium",
              "pass": true,
              "fail": false,
              "pending": false,
              "context": null,
              "code": "//membahcustomer\ncy.log('Menambah Customer');\nBanking.clickAddCustomer();\nBanking.fillCustomerDetails('agum', 'ruswandi', 'E12456');\nBanking.submitCustomerForm();\n//membuka rekening dollar\nBanking.navigateToOpenaccount();\ncy.log('Menambah Rekening Dollar');\nBanking.selectCustomer('agum ruswandi', 'Dollar');\nBanking.clickProcess();\n//Validasi rekening sudah terdaftar\nBanking.navigateToCustomer();\ncy.log('Mengecek Rekening Dollar yg sudah terdaftar');\nBanking.searchCustomer('agum');\ncy.get('table').contains('td', 'agum').should('exist');",
              "err": {},
              "uuid": "bad9bb8c-834f-4aa4-aff9-c8ec37daaf99",
              "parentUUID": "99549abe-35bf-4961-921b-24555506b588",
              "isHook": false,
              "skipped": false
            },
            {
              "title": "Harus berhasil membuka akun dengan mata uang Pound",
              "fullTitle": "Validasi Fitur Menambah Rekening Harus berhasil membuka akun dengan mata uang Pound",
              "timedOut": null,
              "duration": 4010,
              "state": "passed",
              "speed": "fast",
              "pass": true,
              "fail": false,
              "pending": false,
              "context": null,
              "code": "//membahcustomer\ncy.log('Menambah Customer');\nBanking.clickAddCustomer();\nBanking.fillCustomerDetails('agum', 'ruswandi', 'E12456');\nBanking.submitCustomerForm();\n//membuka rekening dollar\nBanking.navigateToOpenaccount();\ncy.log('Menambah Rekening Dollar');\nBanking.selectCustomer('agum ruswandi', 'Dollar');\nBanking.clickProcess();\n//membuka rekening Pondsterling\ncy.log('Menambah Rekening Pound');\nBanking.selectCustomer('agum ruswandi', 'Pound');\nBanking.clickProcess();\n//Validasi rekening sudah terdaftar\nBanking.navigateToCustomer();\ncy.log('Mengecek Rekening Dollar & Pound yg sudah terdaftar');\nBanking.searchCustomer('agum');\ncy.get('table').contains('td', 'agum').should('exist');",
              "err": {},
              "uuid": "e0309bb6-6d43-4aa2-8d82-2709f6577ec6",
              "parentUUID": "99549abe-35bf-4961-921b-24555506b588",
              "isHook": false,
              "skipped": false
            },
            {
              "title": "Harus berhasil membuka akun dengan mata uang Rupee",
              "fullTitle": "Validasi Fitur Menambah Rekening Harus berhasil membuka akun dengan mata uang Rupee",
              "timedOut": null,
              "duration": 4482,
              "state": "passed",
              "speed": "fast",
              "pass": true,
              "fail": false,
              "pending": false,
              "context": null,
              "code": "//membahcustomer\ncy.log('Menambah Customer');\nBanking.clickAddCustomer();\nBanking.fillCustomerDetails('agum', 'ruswandi', 'E12456');\nBanking.submitCustomerForm();\n//membuka rekening dollar\nBanking.navigateToOpenaccount();\ncy.log('Menambah Rekening Dollar');\nBanking.selectCustomer('agum ruswandi', 'Dollar');\nBanking.clickProcess();\n//membuka rekening Pondsterling\ncy.log('Menambah Rekening Pound');\nBanking.selectCustomer('agum ruswandi', 'Pound');\ncy.log('Menambah Rekening Pound');\nBanking.clickProcess();\n//menambah rekening Rupee\ncy.log('Menambah Rekening Rupee');\nBanking.selectCustomer('agum ruswandi', 'Rupee');\nBanking.clickProcess();\n//validasi \nBanking.navigateToCustomer();\ncy.log('Mengecek Rekening Dollar,Pound & Rupee yg sudah terdaftar');\nBanking.searchCustomer('agum');\ncy.get('table').contains('td', 'agum').should('exist');",
              "err": {},
              "uuid": "e5333b45-1498-4266-84f7-7cc069725701",
              "parentUUID": "99549abe-35bf-4961-921b-24555506b588",
              "isHook": false,
              "skipped": false
            },
            {
              "title": "Harus berhasil menambah akun Dollar kedua untuk customer yang sama",
              "fullTitle": "Validasi Fitur Menambah Rekening Harus berhasil menambah akun Dollar kedua untuk customer yang sama",
              "timedOut": null,
              "duration": 2511,
              "state": "passed",
              "speed": "fast",
              "pass": true,
              "fail": false,
              "pending": false,
              "context": null,
              "code": "//menambah akun dollar ganda \nBanking.navigateToOpenaccount();\ncy.log('Menambah akun Dollar kedua');\nBanking.selectCustomer('Hermoine Granger', 'Dollar');\nBanking.clickProcess();\nBanking.verifyAlertText('Account created successfully');\n//validasi rekening dollar tertambahkan\ncy.log('mengecek akun dollar tertambahkan');\nBanking.navigateToCustomer();\nBanking.searchCustomer('Hermoine');\ncy.get('table').contains('td', 'Hermoine').should('exist');",
              "err": {},
              "uuid": "630216a8-b488-4df6-afb5-71ef88df2848",
              "parentUUID": "99549abe-35bf-4961-921b-24555506b588",
              "isHook": false,
              "skipped": false
            },
            {
              "title": "Harus berhasil menambah akun Dollar ketiga untuk customer yang sama ",
              "fullTitle": "Validasi Fitur Menambah Rekening Harus berhasil menambah akun Dollar ketiga untuk customer yang sama ",
              "timedOut": null,
              "duration": 3622,
              "state": "passed",
              "speed": "fast",
              "pass": true,
              "fail": false,
              "pending": false,
              "context": null,
              "code": "//menambah akun dollar ganda \nBanking.navigateToOpenaccount();\ncy.log('Menambah akun Dollar kedua');\nBanking.selectCustomer('Hermoine Granger', 'Dollar');\nBanking.clickProcess();\nBanking.verifyAlertText('Account created successfully');\n//validasi rekening dollar tertambahkan\ncy.log('mengecek akun dollar tertambahkan');\nBanking.navigateToCustomer();\nBanking.searchCustomer('Hermoine');\ncy.get('table').contains('td', 'Hermoine').should('exist');\n//menambah akun dollar ketiga\nBanking.navigateToOpenaccount();\ncy.log('Menambah akun Dollar ketiga');\nBanking.selectCustomer('Hermoine Granger', 'Dollar');\nBanking.clickProcess();\nBanking.verifyAlertText('Account created successfully');\n//validasi rekening dollar tertambahkan\ncy.log('mengecek akun dollar tertambahkan');\nBanking.navigateToCustomer();\nBanking.searchCustomer('Hermoine');\ncy.get('table').contains('td', 'Hermoine').should('exist');",
              "err": {},
              "uuid": "cb3b6337-f9e1-4afe-98d2-85a0740ffa51",
              "parentUUID": "99549abe-35bf-4961-921b-24555506b588",
              "isHook": false,
              "skipped": false
            },
            {
              "title": "Harus berhasil menambah akun Pound kedua untuk customer yang sama",
              "fullTitle": "Validasi Fitur Menambah Rekening Harus berhasil menambah akun Pound kedua untuk customer yang sama",
              "timedOut": null,
              "duration": 2562,
              "state": "passed",
              "speed": "fast",
              "pass": true,
              "fail": false,
              "pending": false,
              "context": null,
              "code": "//menambah akun pound ganda \nBanking.navigateToOpenaccount();\ncy.log('Menambah akun Pound kedua');\nBanking.selectCustomer('Ron Weasly', 'Pound');\nBanking.clickProcess();\nBanking.verifyAlertText('Account created successfully');\n//validasi rekening pound tertambahkan\ncy.log('mengecek akun Pound tertambahkan');\nBanking.navigateToCustomer();\nBanking.searchCustomer('Ron');\ncy.get('table').contains('td', 'Ron').should('exist');",
              "err": {},
              "uuid": "5d8145e0-7c0d-45c4-a48e-e13a8d481f58",
              "parentUUID": "99549abe-35bf-4961-921b-24555506b588",
              "isHook": false,
              "skipped": false
            },
            {
              "title": "Harus berhasil menambah akun Pound ketiga untuk customer yang sama",
              "fullTitle": "Validasi Fitur Menambah Rekening Harus berhasil menambah akun Pound ketiga untuk customer yang sama",
              "timedOut": null,
              "duration": 3484,
              "state": "passed",
              "speed": "fast",
              "pass": true,
              "fail": false,
              "pending": false,
              "context": null,
              "code": "//menambah akun Pound ganda \nBanking.navigateToOpenaccount();\ncy.log('Menambah akun Pound kedua');\nBanking.selectCustomer('Ron Weasly', 'Pound');\nBanking.clickProcess();\nBanking.verifyAlertText('Account created successfully');\n//validasi rekening Pound tertambahkan\ncy.log('mengecek akun dollar tertambahkan');\nBanking.navigateToCustomer();\nBanking.searchCustomer('Ron');\ncy.get('table').contains('td', 'Ron').should('exist');\n//menambah akun Pound ketiga\nBanking.navigateToOpenaccount();\ncy.log('Menambah akun Pound ketiga');\nBanking.selectCustomer('Ron Weasly', 'Dollar');\nBanking.clickProcess();\nBanking.verifyAlertText('Account created successfully');\n//validasi rekening Pound tertambahkan\ncy.log('mengecek akun Pound tertambahkan');\nBanking.navigateToCustomer();\nBanking.searchCustomer('Ron');\ncy.get('table').contains('td', 'Ron').should('exist');",
              "err": {},
              "uuid": "6b9ace7c-3526-476e-a0c9-a684bbcc50b3",
              "parentUUID": "99549abe-35bf-4961-921b-24555506b588",
              "isHook": false,
              "skipped": false
            },
            {
              "title": "Harus berhasil menambah akun Rupee kedua untuk customer yang sama ",
              "fullTitle": "Validasi Fitur Menambah Rekening Harus berhasil menambah akun Rupee kedua untuk customer yang sama ",
              "timedOut": null,
              "duration": 2980,
              "state": "passed",
              "speed": "fast",
              "pass": true,
              "fail": false,
              "pending": false,
              "context": null,
              "code": "//menambah akun Rupee ganda \nBanking.navigateToOpenaccount();\ncy.log('Menambah akun Rupee kedua');\nBanking.selectCustomer('Harry Potter', 'Rupee');\nBanking.clickProcess();\nBanking.verifyAlertText('Account created successfully');\n//validasi rekening Rupee tertambahkan\ncy.log('mengecek akun Rupee tertambahkan');\nBanking.navigateToCustomer();\nBanking.searchCustomer('Harry');\ncy.get('table').contains('td', 'Harry').should('exist');",
              "err": {},
              "uuid": "9bfc65a8-f90e-485e-bbca-7add428129e2",
              "parentUUID": "99549abe-35bf-4961-921b-24555506b588",
              "isHook": false,
              "skipped": false
            },
            {
              "title": "Harus berhasil menambah akun Rupee ketiga untuk customer yang sama",
              "fullTitle": "Validasi Fitur Menambah Rekening Harus berhasil menambah akun Rupee ketiga untuk customer yang sama",
              "timedOut": null,
              "duration": 4150,
              "state": "passed",
              "speed": "fast",
              "pass": true,
              "fail": false,
              "pending": false,
              "context": null,
              "code": "//menambah akun Rupee ganda \nBanking.navigateToOpenaccount();\ncy.log('Menambah akun Rupee kedua');\nBanking.selectCustomer('Harry Potter', 'Rupee');\nBanking.clickProcess();\nBanking.verifyAlertText('Account created successfully');\n//validasi rekening Rupee tertambahkan\ncy.log('mengecek akun Rupee tertambahkan');\nBanking.navigateToCustomer();\nBanking.searchCustomer('Harry');\ncy.get('table').contains('td', 'Harry').should('exist');\n//menambah akun Rupee ketiga\nBanking.navigateToOpenaccount();\ncy.log('Menambah akun Ruppe ketiga');\nBanking.selectCustomer('Harry Potter', 'Rupee');\nBanking.clickProcess();\nBanking.verifyAlertText('Account created successfully');\n//validasi rekening Rupee tertambahkan\ncy.log('mengecek akun Rupee tertambahkan');\nBanking.navigateToCustomer();\nBanking.searchCustomer('Harry');\ncy.get('table').contains('td', 'Harry').should('exist');",
              "err": {},
              "uuid": "1c9d41bc-cde9-4ec2-aa9c-467e0fbd4db0",
              "parentUUID": "99549abe-35bf-4961-921b-24555506b588",
              "isHook": false,
              "skipped": false
            },
            {
              "title": "Harus menavigasi ke halaman Home dari halaman Open Account",
              "fullTitle": "Validasi Fitur Menambah Rekening Harus menavigasi ke halaman Home dari halaman Open Account",
              "timedOut": null,
              "duration": 1436,
              "state": "passed",
              "speed": "fast",
              "pass": true,
              "fail": false,
              "pending": false,
              "context": null,
              "code": "Banking.navigateToOpenaccount();\nBanking.navigateTohome();\n//assertion\ncy.get('button[ng-click=\"home()\"]').should('be.visible');\ncy.get('button[ng-click=\"customer()\"]').should('be.visible');\ncy.get('button[ng-click=\"manager()\"]').should('be.visible');",
              "err": {},
              "uuid": "10cb5680-1798-439c-9a6b-9df686ce0139",
              "parentUUID": "99549abe-35bf-4961-921b-24555506b588",
              "isHook": false,
              "skipped": false
            }
          ],
          "suites": [],
          "passes": [
            "bad9bb8c-834f-4aa4-aff9-c8ec37daaf99",
            "e0309bb6-6d43-4aa2-8d82-2709f6577ec6",
            "e5333b45-1498-4266-84f7-7cc069725701",
            "630216a8-b488-4df6-afb5-71ef88df2848",
            "cb3b6337-f9e1-4afe-98d2-85a0740ffa51",
            "5d8145e0-7c0d-45c4-a48e-e13a8d481f58",
            "6b9ace7c-3526-476e-a0c9-a684bbcc50b3",
            "9bfc65a8-f90e-485e-bbca-7add428129e2",
            "1c9d41bc-cde9-4ec2-aa9c-467e0fbd4db0",
            "10cb5680-1798-439c-9a6b-9df686ce0139"
          ],
          "failures": [],
          "pending": [],
          "skipped": [],
          "duration": 34684,
          "root": false,
          "rootEmpty": false,
          "_timeout": 2000
        }
      ],
      "passes": [],
      "failures": [],
      "pending": [],
      "skipped": [],
      "duration": 0,
      "root": true,
      "rootEmpty": true,
      "_timeout": 2000
    }
  ],
  "meta": {
    "mocha": {
      "version": "7.0.1"
    },
    "mochawesome": {
      "options": {
        "quiet": false,
        "reportFilename": "mochawesome",
        "saveHtml": false,
        "saveJson": true,
        "consoleReporter": "spec",
        "useInlineDiffs": false,
        "code": true
      },
      "version": "7.1.3"
    },
    "marge": {
      "options": {
        "reportDir": "cypress/results",
        "overwrite": false,
        "html": false
      },
      "version": "6.2.0"
    }
  }
}