{
  "stats": {
    "suites": 1,
    "tests": 9,
    "passes": 9,
    "pending": 0,
    "failures": 0,
    "start": "2025-08-14T09:13:40.573Z",
    "end": "2025-08-14T09:14:13.904Z",
    "duration": 33331,
    "testsRegistered": 9,
    "passPercent": 100,
    "pendingPercent": 0,
    "other": 0,
    "hasOther": false,
    "skipped": 0,
    "hasSkipped": false
  },
  "results": [
    {
      "uuid": "2978f31f-da06-482b-a56d-857995bb20b2",
      "title": "",
      "fullFile": "cypress\\integration\\transactions.test.js",
      "file": "cypress\\integration\\transactions.test.js",
      "beforeHooks": [],
      "afterHooks": [],
      "tests": [],
      "suites": [
        {
          "uuid": "cac94562-7540-48d1-8a22-4d562de1017f",
          "title": "Validasi Fitur Transaksi",
          "fullFile": "",
          "file": "",
          "beforeHooks": [],
          "afterHooks": [],
          "tests": [
            {
              "title": "Harus dapat menampikan Transaksi di rekening Dollar",
              "fullTitle": "Validasi Fitur Transaksi Harus dapat menampikan Transaksi di rekening Dollar",
              "timedOut": null,
              "duration": 5784,
              "state": "passed",
              "speed": "medium",
              "pass": true,
              "fail": false,
              "pending": false,
              "context": null,
              "code": "cy.log('Memilih user');\nBanking.selectuser('Harry Potter');\nBanking.loginusername();\n//melakukan deposit rekening dollar\ncy.log('memilih rekening');\nBanking.selectaccount('1004');\n//assertion\ncy.contains('Harry Potter').should('be.visible');\ncy.contains('Account Number : 1004').should('be.visible');\ncy.contains('Currency : Dollar').should('be.visible');\nBanking.deposit();\ncy.log('memasukan jumlah');\nBanking.enteramount('5000');\nBanking.submitdeposit();\n//assertion\ncy.log('muncul assertion');\ncy.contains('span', 'Deposit Successful').should('be.visible');\n//masuk menu withdrawl\nBanking.withdrawl();\ncy.contains('Amount to be Withdrawn :').should('be.visible');\ncy.log('memasukan jumlah');\nBanking.enterwithdrawl('2000');\nBanking.submitwithdrawl();\n//assertion\ncy.contains('Transaction successful').should('be.visible');\n//masuk menu transaksi\ncy.log('masuk ke menu transaksi');\nBanking.transaction();\n//assertion\ncy.log('muncul assertion');\ncy.contains('Date-Time').should('be.visible');",
              "err": {},
              "uuid": "e5c7dda6-acfe-4caf-a9fb-9f677dec1a5c",
              "parentUUID": "cac94562-7540-48d1-8a22-4d562de1017f",
              "isHook": false,
              "skipped": false
            },
            {
              "title": "Harus dapat menampikan Transaksi di rekening Pound",
              "fullTitle": "Validasi Fitur Transaksi Harus dapat menampikan Transaksi di rekening Pound",
              "timedOut": null,
              "duration": 3813,
              "state": "passed",
              "speed": "fast",
              "pass": true,
              "fail": false,
              "pending": false,
              "context": null,
              "code": "cy.log('Memilih user');\nBanking.selectuser('Harry Potter');\nBanking.loginusername();\n//melakukan deposit rekening Pound\ncy.log('memilih rekening');\nBanking.selectaccount('1005');\n//assertion\ncy.contains('Harry Potter').should('be.visible');\ncy.contains('Account Number : 1005').should('be.visible');\ncy.contains('Currency : Pound').should('be.visible');\nBanking.deposit();\ncy.log('memasukan jumlah');\nBanking.enteramount('7000');\nBanking.submitdeposit();\n//assertion\ncy.log('muncul assertion');\ncy.contains('span', 'Deposit Successful').should('be.visible');\n//masuk menu withdrawl\nBanking.withdrawl();\ncy.contains('Amount to be Withdrawn :').should('be.visible');\ncy.log('memasukan jumlah');\nBanking.enterwithdrawl('5000');\nBanking.submitwithdrawl();\n//assertion\ncy.contains('Transaction successful').should('be.visible');\n//masuk menu transaksi\ncy.log('masuk ke menu transaksi');\nBanking.transaction();\n//assertion\ncy.log('muncul assertion');\ncy.contains('Date-Time').should('be.visible');",
              "err": {},
              "uuid": "681c56d8-c54e-4b30-9530-54f2a80b37d9",
              "parentUUID": "cac94562-7540-48d1-8a22-4d562de1017f",
              "isHook": false,
              "skipped": false
            },
            {
              "title": "Harus dapat menampikan Transaksi di rekening Ruppe",
              "fullTitle": "Validasi Fitur Transaksi Harus dapat menampikan Transaksi di rekening Ruppe",
              "timedOut": null,
              "duration": 3795,
              "state": "passed",
              "speed": "fast",
              "pass": true,
              "fail": false,
              "pending": false,
              "context": null,
              "code": "cy.log('Memilih user');\nBanking.selectuser('Harry Potter');\nBanking.loginusername();\n//melakukan deposit rekening Rupee\ncy.log('memilih rekening');\nBanking.selectaccount('1006');\n//assertion\ncy.contains('Harry Potter').should('be.visible');\ncy.contains('Account Number : 1006').should('be.visible');\ncy.contains('Currency : Rupee').should('be.visible');\nBanking.deposit();\ncy.log('memasukan jumlah');\nBanking.enteramount('10000');\nBanking.submitdeposit();\n//assertion\ncy.log('muncul assertion');\ncy.contains('span', 'Deposit Successful').should('be.visible');\n//masuk menu withdrawl\nBanking.withdrawl();\ncy.contains('Amount to be Withdrawn :').should('be.visible');\ncy.log('memasukan jumlah');\nBanking.enterwithdrawl('5000');\nBanking.submitwithdrawl();\n//assertion\ncy.contains('Transaction successful').should('be.visible');\n//masuk menu transaksi\ncy.log('masuk ke menu transaksi');\nBanking.transaction();\n//assertion\ncy.log('muncul assertion');\ncy.contains('Date-Time').should('be.visible');",
              "err": {},
              "uuid": "7094e4dd-b2b9-4086-8665-9993708a71ba",
              "parentUUID": "cac94562-7540-48d1-8a22-4d562de1017f",
              "isHook": false,
              "skipped": false
            },
            {
              "title": "Harus dapat mengatur history tanggal Transaksi",
              "fullTitle": "Validasi Fitur Transaksi Harus dapat mengatur history tanggal Transaksi",
              "timedOut": null,
              "duration": 3359,
              "state": "passed",
              "speed": "fast",
              "pass": true,
              "fail": false,
              "pending": false,
              "context": null,
              "code": "//memilih user\ncy.log('Memilih user');\nBanking.selectuser('Hermoine Granger');\nBanking.loginusername();\n//memilih rekening\ncy.log('memilih rekening');\nBanking.selectaccount('1001');\n//masuk menu transaksi\ncy.log('masuk ke menu transaksi');\nBanking.transaction();\n//masuk ke menu tanggal\ncy.log('memilih tanggal mulai');\nBanking.startdate('2015-01-02T10:30');\ncy.log('memilih akhir tanggal');\nBanking.enddate('2024-12-17T19:05:04');",
              "err": {},
              "uuid": "321e53ef-8451-4956-a25d-929d1693b21a",
              "parentUUID": "cac94562-7540-48d1-8a22-4d562de1017f",
              "isHook": false,
              "skipped": false
            },
            {
              "title": "Harus dapat  menggunakan button scroll",
              "fullTitle": "Validasi Fitur Transaksi Harus dapat  menggunakan button scroll",
              "timedOut": null,
              "duration": 3035,
              "state": "passed",
              "speed": "fast",
              "pass": true,
              "fail": false,
              "pending": false,
              "context": null,
              "code": "//memilih user\ncy.log('Memilih user');\nBanking.selectuser('Hermoine Granger');\nBanking.loginusername();\n//memilih rekening\ncy.log('memilih rekening');\nBanking.selectaccount('1001');\n//masuk menu transaksi\ncy.log('masuk ke menu transaksi');\nBanking.transaction();\n//menggunakan scroll kekanan\ncy.log('menggunakan scroll right');\nBanking.scrollright(5);\n//menggunakan scroll ke kiri\ncy.log('menggunakan scroll left');\nBanking.scrollleft(2);\n//menggukana scroll TOP\ncy.log('menggunakan scroll Top');\nBanking.scrollTop();",
              "err": {},
              "uuid": "aa4bc34a-1b7a-4c75-b3f3-2f641f7fa899",
              "parentUUID": "cac94562-7540-48d1-8a22-4d562de1017f",
              "isHook": false,
              "skipped": false
            },
            {
              "title": "Harus dapat menggunakan Tombol sort",
              "fullTitle": "Validasi Fitur Transaksi Harus dapat menggunakan Tombol sort",
              "timedOut": null,
              "duration": 2783,
              "state": "passed",
              "speed": "fast",
              "pass": true,
              "fail": false,
              "pending": false,
              "context": null,
              "code": "//memilih user\ncy.log('Memilih user');\nBanking.selectuser('Hermoine Granger');\nBanking.loginusername();\n//memilih rekening\ncy.log('memilih rekening');\nBanking.selectaccount('1001');\n//masuk menu transaksi\ncy.log('masuk ke menu transaksi');\nBanking.transaction();\n//menggukan sort\ncy.log('menggukan sort pertama');\nBanking.sort();\n//assetion\ncy.contains('Jul 28, 2015 12:00:00 AM').should('be.visible');\ncy.log('menggunakan sort ke dua');\nBanking.sort();\n//assertion\ncy.contains('Jan 1, 2015 12:00:00 AM').should('be.visible');",
              "err": {},
              "uuid": "b41aeb89-a943-48e7-89a0-b5cecd1d42c8",
              "parentUUID": "cac94562-7540-48d1-8a22-4d562de1017f",
              "isHook": false,
              "skipped": false
            },
            {
              "title": "Harus dapat menggukan tombol reset",
              "fullTitle": "Validasi Fitur Transaksi Harus dapat menggukan tombol reset",
              "timedOut": null,
              "duration": 2626,
              "state": "passed",
              "speed": "fast",
              "pass": true,
              "fail": false,
              "pending": false,
              "context": null,
              "code": "//memilih user\ncy.log('Memilih user');\nBanking.selectuser('Hermoine Granger');\nBanking.loginusername();\n//memilih rekening\ncy.log('memilih rekening');\nBanking.selectaccount('1001');\n//masuk menu transaksi\ncy.log('masuk ke menu transaksi');\nBanking.transaction();\n//menggukan fungsi reset\ncy.log('menggukan reset');\nBanking.reset();\n//assertion\ncy.contains('Date-Time ').should('be.visible');",
              "err": {},
              "uuid": "c2707e37-11c4-4af8-bdef-6114613bbef9",
              "parentUUID": "cac94562-7540-48d1-8a22-4d562de1017f",
              "isHook": false,
              "skipped": false
            },
            {
              "title": "Harus berhasil Logout dari halaman transaksi",
              "fullTitle": "Validasi Fitur Transaksi Harus berhasil Logout dari halaman transaksi",
              "timedOut": null,
              "duration": 2213,
              "state": "passed",
              "speed": "fast",
              "pass": true,
              "fail": false,
              "pending": false,
              "context": null,
              "code": "//memilih user\ncy.log('Memilih user');\nBanking.selectuser('Hermoine Granger');\nBanking.loginusername();\n//memilih rekening\ncy.log('memilih rekening');\nBanking.selectaccount('1001');\n//masuk menu transaksi\ncy.log('masuk ke menu transaksi');\nBanking.transaction();\n//logout\ncy.log('logout');\nBanking.Logout();\n//assertion\ncy.contains('Your Name :').should('be.visible');\ncy.get('#userSelect').should('exist').and('be.visible');",
              "err": {},
              "uuid": "6029466a-d30b-46b4-af9e-943081cb04ac",
              "parentUUID": "cac94562-7540-48d1-8a22-4d562de1017f",
              "isHook": false,
              "skipped": false
            },
            {
              "title": "Harus berhasil navigasi ke Home di halaman Transaksi",
              "fullTitle": "Validasi Fitur Transaksi Harus berhasil navigasi ke Home di halaman Transaksi",
              "timedOut": null,
              "duration": 2939,
              "state": "passed",
              "speed": "fast",
              "pass": true,
              "fail": false,
              "pending": false,
              "context": null,
              "code": "//memilih user\ncy.log('Memilih user');\nBanking.selectuser('Hermoine Granger');\nBanking.loginusername();\n//memilih rekening\ncy.log('memilih rekening');\nBanking.selectaccount('1001');\n//masuk menu transaksi\ncy.log('masuk ke menu transaksi');\nBanking.transaction();\n//kembali ke halaman utama\ncy.log('kembali ke halaman utama');\nBanking.navigateTohome();\n//assertion\ncy.get('button[ng-click=\"home()\"]').should('be.visible');\ncy.get('button[ng-click=\"customer()\"]').should('be.visible');\ncy.get('button[ng-click=\"manager()\"]').should('be.visible');",
              "err": {},
              "uuid": "f120cf2d-0591-472a-ad40-c1c0c53ba73d",
              "parentUUID": "cac94562-7540-48d1-8a22-4d562de1017f",
              "isHook": false,
              "skipped": false
            }
          ],
          "suites": [],
          "passes": [
            "e5c7dda6-acfe-4caf-a9fb-9f677dec1a5c",
            "681c56d8-c54e-4b30-9530-54f2a80b37d9",
            "7094e4dd-b2b9-4086-8665-9993708a71ba",
            "321e53ef-8451-4956-a25d-929d1693b21a",
            "aa4bc34a-1b7a-4c75-b3f3-2f641f7fa899",
            "b41aeb89-a943-48e7-89a0-b5cecd1d42c8",
            "c2707e37-11c4-4af8-bdef-6114613bbef9",
            "6029466a-d30b-46b4-af9e-943081cb04ac",
            "f120cf2d-0591-472a-ad40-c1c0c53ba73d"
          ],
          "failures": [],
          "pending": [],
          "skipped": [],
          "duration": 30347,
          "root": false,
          "rootEmpty": false,
          "_timeout": 2000
        }
      ],
      "passes": [],
      "failures": [],
      "pending": [],
      "skipped": [],
      "duration": 0,
      "root": true,
      "rootEmpty": true,
      "_timeout": 2000
    }
  ],
  "meta": {
    "mocha": {
      "version": "7.0.1"
    },
    "mochawesome": {
      "options": {
        "quiet": false,
        "reportFilename": "mochawesome",
        "saveHtml": false,
        "saveJson": true,
        "consoleReporter": "spec",
        "useInlineDiffs": false,
        "code": true
      },
      "version": "7.1.3"
    },
    "marge": {
      "options": {
        "reportDir": "cypress/results",
        "overwrite": false,
        "html": false
      },
      "version": "6.2.0"
    }
  }
}