{
  "stats": {
    "suites": 1,
    "tests": 11,
    "passes": 11,
    "pending": 0,
    "failures": 0,
    "start": "2025-08-14T09:12:16.383Z",
    "end": "2025-08-14T09:12:56.563Z",
    "duration": 40180,
    "testsRegistered": 11,
    "passPercent": 100,
    "pendingPercent": 0,
    "other": 0,
    "hasOther": false,
    "skipped": 0,
    "hasSkipped": false
  },
  "results": [
    {
      "uuid": "1539f616-0d72-413e-893f-229b23aed558",
      "title": "",
      "fullFile": "cypress\\integration\\testuserpound.test.js",
      "file": "cypress\\integration\\testuserpound.test.js",
      "beforeHooks": [],
      "afterHooks": [],
      "tests": [],
      "suites": [
        {
          "uuid": "b268a0bf-836f-4902-b800-e2381d5d6216",
          "title": "Validasi Fitur User di rekening Pound",
          "fullFile": "",
          "file": "",
          "beforeHooks": [],
          "afterHooks": [],
          "tests": [
            {
              "title": "Harus menampilkan pesan error saat deposit menggunakan huruf di rekening Pound",
              "fullTitle": "Validasi Fitur User di rekening Pound Harus menampilkan pesan error saat deposit menggunakan huruf di rekening Pound",
              "timedOut": null,
              "duration": 4978,
              "state": "passed",
              "speed": "fast",
              "pass": true,
              "fail": false,
              "pending": false,
              "context": null,
              "code": "//memilih user\ncy.log('Memilih user');\nBanking.selectuser('Harry Potter');\nBanking.loginusername();\n//melakukan deposit rekening Pound\ncy.log('memilih rekening');\nBanking.selectaccount('1005');\n//assertion\ncy.contains('Harry Potter').should('be.visible');\ncy.contains('Account Number : 1005').should('be.visible');\ncy.contains('Currency : Pound').should('be.visible');\nBanking.deposit();\ncy.log('memasukan jumlah');\nBanking.enteramount('abnmci');\nBanking.submitdeposit();\ncy.get('input[ng-model=\"amount\"]').should('have.prop', 'validationMessage', 'Please fill out this field.');",
              "err": {},
              "uuid": "429660ec-9eaf-47cf-959e-320fbc057f4b",
              "parentUUID": "b268a0bf-836f-4902-b800-e2381d5d6216",
              "isHook": false,
              "skipped": false
            },
            {
              "title": "Harus menampilkan pesan error saat deposit menggunakan simbol di rekening Pound",
              "fullTitle": "Validasi Fitur User di rekening Pound Harus menampilkan pesan error saat deposit menggunakan simbol di rekening Pound",
              "timedOut": null,
              "duration": 3304,
              "state": "passed",
              "speed": "fast",
              "pass": true,
              "fail": false,
              "pending": false,
              "context": null,
              "code": "//memilih user\ncy.log('Memilih user');\nBanking.selectuser('Harry Potter');\nBanking.loginusername();\n//melakukan deposit rekening Pound\ncy.log('memilih rekening');\nBanking.selectaccount('1005');\n//assertion\ncy.contains('Harry Potter').should('be.visible');\ncy.contains('Account Number : 1005').should('be.visible');\ncy.contains('Currency : Pound').should('be.visible');\nBanking.deposit();\ncy.log('memasukan jumlah');\nBanking.enteramount('%$#@&^!');\nBanking.submitdeposit();\ncy.get('input[ng-model=\"amount\"]').should('have.prop', 'validationMessage', 'Please fill out this field.');",
              "err": {},
              "uuid": "f83dd196-97a3-4daf-95cc-3009b6f161ea",
              "parentUUID": "b268a0bf-836f-4902-b800-e2381d5d6216",
              "isHook": false,
              "skipped": false
            },
            {
              "title": "Harus Tidak Ada Respons Saat Deposit Menggunakan Nilai minus  di rekening Pound",
              "fullTitle": "Validasi Fitur User di rekening Pound Harus Tidak Ada Respons Saat Deposit Menggunakan Nilai minus  di rekening Pound",
              "timedOut": null,
              "duration": 2894,
              "state": "passed",
              "speed": "fast",
              "pass": true,
              "fail": false,
              "pending": false,
              "context": null,
              "code": "//memilih user\ncy.log('Memilih user');\nBanking.selectuser('Harry Potter');\nBanking.loginusername();\n//melakukan deposit rekening dollar\ncy.log('memilih rekening');\nBanking.selectaccount('1005');\n//assertion\ncy.contains('Harry Potter').should('be.visible');\ncy.contains('Account Number : 1005').should('be.visible');\ncy.contains('Currency : Pound').should('be.visible');\nBanking.deposit();\ncy.log('memasukan jumlah');\nBanking.enteramount('-1000');\nBanking.submitdeposit();\ncy.get('button[type=\"submit\"]').should('not.be.disabled');",
              "err": {},
              "uuid": "26353731-0974-49bc-86cf-59f6ac11d1a4",
              "parentUUID": "b268a0bf-836f-4902-b800-e2381d5d6216",
              "isHook": false,
              "skipped": false
            },
            {
              "title": "Harus menampilkan pesan error saat deposit menggunakan huruf dan angka di rekening Pound",
              "fullTitle": "Validasi Fitur User di rekening Pound Harus menampilkan pesan error saat deposit menggunakan huruf dan angka di rekening Pound",
              "timedOut": null,
              "duration": 3139,
              "state": "passed",
              "speed": "fast",
              "pass": true,
              "fail": false,
              "pending": false,
              "context": null,
              "code": "//memilih user\ncy.log('Memilih user');\nBanking.selectuser('Harry Potter');\nBanking.loginusername();\n//melakukan deposit rekening dollar\ncy.log('memilih rekening');\nBanking.selectaccount('1005');\n//assertion\ncy.contains('Harry Potter').should('be.visible');\ncy.contains('Account Number : 1005').should('be.visible');\ncy.contains('Currency : Pound').should('be.visible');\nBanking.deposit();\ncy.log('memasukan jumlah');\nBanking.enteramount('100adfgh');\nBanking.submitdeposit();\ncy.get('input[ng-model=\"amount\"]').should('have.prop', 'validationMessage', 'Please fill out this field.');",
              "err": {},
              "uuid": "3be29c3a-7143-4290-8b2c-5c3762115b43",
              "parentUUID": "b268a0bf-836f-4902-b800-e2381d5d6216",
              "isHook": false,
              "skipped": false
            },
            {
              "title": "Harus berhasil menambahkan nilai ke rekening Pound",
              "fullTitle": "Validasi Fitur User di rekening Pound Harus berhasil menambahkan nilai ke rekening Pound",
              "timedOut": null,
              "duration": 2926,
              "state": "passed",
              "speed": "fast",
              "pass": true,
              "fail": false,
              "pending": false,
              "context": null,
              "code": "//memilih user\ncy.log('Memilih user');\nBanking.selectuser('Harry Potter');\nBanking.loginusername();\n//melakukan deposit rekening dollar\ncy.log('memilih rekening');\nBanking.selectaccount('1005');\nBanking.deposit();\ncy.log('memasukan jumlah');\nBanking.enteramount('6000');\nBanking.submitdeposit();\n//assertion\ncy.log('muncul assertion');\ncy.contains('span', 'Deposit Successful').should('be.visible');",
              "err": {},
              "uuid": "7e79b2f7-9ac8-4f92-96ea-3b5497786729",
              "parentUUID": "b268a0bf-836f-4902-b800-e2381d5d6216",
              "isHook": false,
              "skipped": false
            },
            {
              "title": "Harus muncul pesan error saat withdrawl menggunakan huruf di rekening Pound",
              "fullTitle": "Validasi Fitur User di rekening Pound Harus muncul pesan error saat withdrawl menggunakan huruf di rekening Pound",
              "timedOut": null,
              "duration": 3102,
              "state": "passed",
              "speed": "fast",
              "pass": true,
              "fail": false,
              "pending": false,
              "context": null,
              "code": "//memilih user\ncy.log('Memilih user');\nBanking.selectuser('Harry Potter');\nBanking.loginusername();\n//memilih rekening\ncy.log('memilih rekening');\nBanking.selectaccount('1005');\n//masuk menu withdrawl\nBanking.withdrawl();\ncy.contains('Amount to be Withdrawn :').should('be.visible');\ncy.log('memasukan jumlah');\nBanking.enterwithdrawl('affffk');\ncy.get('input[ng-model=\"amount\"]').should('have.prop', 'validationMessage', 'Please fill out this field.');",
              "err": {},
              "uuid": "1c0b5423-e073-4fb7-9bdc-3ea762b8ac74",
              "parentUUID": "b268a0bf-836f-4902-b800-e2381d5d6216",
              "isHook": false,
              "skipped": false
            },
            {
              "title": "Harus muncul pesan error saat withdrawl mengunakan simbol di rekening Pound",
              "fullTitle": "Validasi Fitur User di rekening Pound Harus muncul pesan error saat withdrawl mengunakan simbol di rekening Pound",
              "timedOut": null,
              "duration": 3034,
              "state": "passed",
              "speed": "fast",
              "pass": true,
              "fail": false,
              "pending": false,
              "context": null,
              "code": "//memilih user\ncy.log('Memilih user');\nBanking.selectuser('Harry Potter');\nBanking.loginusername();\n//memilih rekening\ncy.log('memilih rekening');\nBanking.selectaccount('1005');\n//masuk menu withdrawl\nBanking.withdrawl();\ncy.contains('Amount to be Withdrawn :').should('be.visible');\ncy.log('memasukan jumlah');\nBanking.enterwithdrawl('@#$%^&*');\ncy.get('input[ng-model=\"amount\"]').should('have.prop', 'validationMessage', 'Please fill out this field.');",
              "err": {},
              "uuid": "84de00b4-e17c-403b-9bd7-8732dcc70c40",
              "parentUUID": "b268a0bf-836f-4902-b800-e2381d5d6216",
              "isHook": false,
              "skipped": false
            },
            {
              "title": "Harus muncul pesan error saat withdrawl mengunakan simbol di rekening Pound",
              "fullTitle": "Validasi Fitur User di rekening Pound Harus muncul pesan error saat withdrawl mengunakan simbol di rekening Pound",
              "timedOut": null,
              "duration": 2884,
              "state": "passed",
              "speed": "fast",
              "pass": true,
              "fail": false,
              "pending": false,
              "context": null,
              "code": "//memilih user\ncy.log('Memilih user');\nBanking.selectuser('Harry Potter');\nBanking.loginusername();\n//memilih rekening\ncy.log('memilih rekening');\nBanking.selectaccount('1004');\n//masuk menu withdrawl\nBanking.withdrawl();\ncy.contains('Amount to be Withdrawn :').should('be.visible');\ncy.log('memasukan jumlah');\nBanking.enterwithdrawl('@#$%^&*');\ncy.get('input[ng-model=\"amount\"]').should('have.prop', 'validationMessage', 'Please fill out this field.');",
              "err": {},
              "uuid": "6a3e2b43-9244-416a-8ca4-4a9819022029",
              "parentUUID": "b268a0bf-836f-4902-b800-e2381d5d6216",
              "isHook": false,
              "skipped": false
            },
            {
              "title": "Harus Tidak Ada Respons Saat withdrawl Menggunakan Nilai minus  di rekening Dollar",
              "fullTitle": "Validasi Fitur User di rekening Pound Harus Tidak Ada Respons Saat withdrawl Menggunakan Nilai minus  di rekening Dollar",
              "timedOut": null,
              "duration": 3627,
              "state": "passed",
              "speed": "fast",
              "pass": true,
              "fail": false,
              "pending": false,
              "context": null,
              "code": "cy.log('Memilih user');\nBanking.selectuser('Harry Potter');\nBanking.loginusername();\n//melakukan deposit rekening dollar\ncy.log('memilih rekening');\nBanking.selectaccount('1005');\n//assertion\ncy.contains('Harry Potter').should('be.visible');\ncy.contains('Account Number : 1005').should('be.visible');\ncy.contains('Currency : Pound').should('be.visible');\nBanking.deposit();\ncy.log('memasukan jumlah');\nBanking.enteramount('1000');\nBanking.submitdeposit();\n//masuk menu withdrawl\nBanking.withdrawl();\ncy.contains('Amount to be Withdrawn :').should('be.visible');\ncy.log('memasukan jumlah');\nBanking.enterwithdrawl('-1000');\ncy.get('button[type=\"submit\"]').should('not.be.disabled');",
              "err": {},
              "uuid": "ff3b268c-3f5b-4531-9fb1-67ae05dc4ce1",
              "parentUUID": "b268a0bf-836f-4902-b800-e2381d5d6216",
              "isHook": false,
              "skipped": false
            },
            {
              "title": "Withdrawal harus ditolak ketika jumlah melebihi saldo di rekening Pound",
              "fullTitle": "Validasi Fitur User di rekening Pound Withdrawal harus ditolak ketika jumlah melebihi saldo di rekening Pound",
              "timedOut": null,
              "duration": 3660,
              "state": "passed",
              "speed": "fast",
              "pass": true,
              "fail": false,
              "pending": false,
              "context": null,
              "code": "cy.log('Memilih user');\nBanking.selectuser('Harry Potter');\nBanking.loginusername();\n//melakukan deposit rekening Pound\ncy.log('memilih rekening');\nBanking.selectaccount('1005');\n//assertion\ncy.contains('Harry Potter').should('be.visible');\ncy.contains('Account Number : 1005').should('be.visible');\ncy.contains('Currency : Pound').should('be.visible');\nBanking.deposit();\ncy.log('memasukan jumlah');\nBanking.enteramount('500');\nBanking.submitdeposit();\n//assertion\ncy.log('muncul assertion');\ncy.contains('span', 'Deposit Successful').should('be.visible');\n//masuk menu withdrawl\nBanking.withdrawl();\ncy.contains('Amount to be Withdrawn :').should('be.visible');\ncy.log('memasukan jumlah');\nBanking.enterwithdrawl('1000');\nBanking.submitwithdrawl();\n//assertion\ncy.contains('Transaction Failed. You can not withdraw amount more than the balance.').should('be.visible');",
              "err": {},
              "uuid": "38600731-916d-4f94-91b8-f45a1845c44a",
              "parentUUID": "b268a0bf-836f-4902-b800-e2381d5d6216",
              "isHook": false,
              "skipped": false
            },
            {
              "title": "Harus berhasil melakukan withdrawl di rekening Pound",
              "fullTitle": "Validasi Fitur User di rekening Pound Harus berhasil melakukan withdrawl di rekening Pound",
              "timedOut": null,
              "duration": 3564,
              "state": "passed",
              "speed": "fast",
              "pass": true,
              "fail": false,
              "pending": false,
              "context": null,
              "code": "cy.log('Memilih user');\nBanking.selectuser('Harry Potter');\nBanking.loginusername();\n//melakukan deposit rekening dollar\ncy.log('memilih rekening');\nBanking.selectaccount('1005');\n//assertion\ncy.contains('Harry Potter').should('be.visible');\ncy.contains('Account Number : 1005').should('be.visible');\ncy.contains('Currency : Pound').should('be.visible');\nBanking.deposit();\ncy.log('memasukan jumlah');\nBanking.enteramount('6000');\nBanking.submitdeposit();\n//assertion\ncy.log('muncul assertion');\ncy.contains('span', 'Deposit Successful').should('be.visible');\n//masuk menu withdrawl\nBanking.withdrawl();\ncy.contains('Amount to be Withdrawn :').should('be.visible');\ncy.log('memasukan jumlah');\nBanking.enterwithdrawl('2000');\nBanking.submitwithdrawl();\n//assertion\ncy.contains('Transaction successful').should('be.visible');",
              "err": {},
              "uuid": "c5a35e73-4915-4b15-867d-82da3ab064fa",
              "parentUUID": "b268a0bf-836f-4902-b800-e2381d5d6216",
              "isHook": false,
              "skipped": false
            }
          ],
          "suites": [],
          "passes": [
            "429660ec-9eaf-47cf-959e-320fbc057f4b",
            "f83dd196-97a3-4daf-95cc-3009b6f161ea",
            "26353731-0974-49bc-86cf-59f6ac11d1a4",
            "3be29c3a-7143-4290-8b2c-5c3762115b43",
            "7e79b2f7-9ac8-4f92-96ea-3b5497786729",
            "1c0b5423-e073-4fb7-9bdc-3ea762b8ac74",
            "84de00b4-e17c-403b-9bd7-8732dcc70c40",
            "6a3e2b43-9244-416a-8ca4-4a9819022029",
            "ff3b268c-3f5b-4531-9fb1-67ae05dc4ce1",
            "38600731-916d-4f94-91b8-f45a1845c44a",
            "c5a35e73-4915-4b15-867d-82da3ab064fa"
          ],
          "failures": [],
          "pending": [],
          "skipped": [],
          "duration": 37112,
          "root": false,
          "rootEmpty": false,
          "_timeout": 2000
        }
      ],
      "passes": [],
      "failures": [],
      "pending": [],
      "skipped": [],
      "duration": 0,
      "root": true,
      "rootEmpty": true,
      "_timeout": 2000
    }
  ],
  "meta": {
    "mocha": {
      "version": "7.0.1"
    },
    "mochawesome": {
      "options": {
        "quiet": false,
        "reportFilename": "mochawesome",
        "saveHtml": false,
        "saveJson": true,
        "consoleReporter": "spec",
        "useInlineDiffs": false,
        "code": true
      },
      "version": "7.1.3"
    },
    "marge": {
      "options": {
        "reportDir": "cypress/results",
        "overwrite": false,
        "html": false
      },
      "version": "6.2.0"
    }
  }
}