{
  "stats": {
    "suites": 1,
    "tests": 12,
    "passes": 12,
    "pending": 0,
    "failures": 0,
    "start": "2025-08-14T09:11:29.485Z",
    "end": "2025-08-14T09:12:12.104Z",
    "duration": 42619,
    "testsRegistered": 12,
    "passPercent": 100,
    "pendingPercent": 0,
    "other": 0,
    "hasOther": false,
    "skipped": 0,
    "hasSkipped": false
  },
  "results": [
    {
      "uuid": "3316b045-2614-4357-ba4a-80d74571869d",
      "title": "",
      "fullFile": "cypress\\integration\\testuser.test.js",
      "file": "cypress\\integration\\testuser.test.js",
      "beforeHooks": [],
      "afterHooks": [],
      "tests": [],
      "suites": [
        {
          "uuid": "4fb3c535-e6e7-4c3e-b754-aac4de22b370",
          "title": "Validasi Fitur User di rekening Dollar ",
          "fullFile": "",
          "file": "",
          "beforeHooks": [],
          "afterHooks": [],
          "tests": [
            {
              "title": "Harus menampilkan pesan error saat deposit menggunakan huruf di rekening Dollar",
              "fullTitle": "Validasi Fitur User di rekening Dollar  Harus menampilkan pesan error saat deposit menggunakan huruf di rekening Dollar",
              "timedOut": null,
              "duration": 4079,
              "state": "passed",
              "speed": "fast",
              "pass": true,
              "fail": false,
              "pending": false,
              "context": null,
              "code": "//memilih user\ncy.log('Memilih user');\nBanking.selectuser('Harry Potter');\nBanking.loginusername();\n//melakukan deposit rekening dollar\ncy.log('memilih rekening');\nBanking.selectaccount('1004');\n//assertion\ncy.contains('Harry Potter').should('be.visible');\ncy.contains('Account Number : 1004').should('be.visible');\ncy.contains('Currency : Dollar').should('be.visible');\nBanking.deposit();\ncy.log('memasukan jumlah');\nBanking.enteramount('abnmci');\nBanking.submitdeposit();\ncy.get('input[ng-model=\"amount\"]').should('have.prop', 'validationMessage', 'Please fill out this field.');",
              "err": {},
              "uuid": "b8b323d2-2c27-4cda-a9ea-a044369d920a",
              "parentUUID": "4fb3c535-e6e7-4c3e-b754-aac4de22b370",
              "isHook": false,
              "skipped": false
            },
            {
              "title": "Harus menampilkan pesan error saat deposit menggunakan simbol di rekening Dollar",
              "fullTitle": "Validasi Fitur User di rekening Dollar  Harus menampilkan pesan error saat deposit menggunakan simbol di rekening Dollar",
              "timedOut": null,
              "duration": 3583,
              "state": "passed",
              "speed": "fast",
              "pass": true,
              "fail": false,
              "pending": false,
              "context": null,
              "code": "//memilih user\ncy.log('Memilih user');\nBanking.selectuser('Harry Potter');\nBanking.loginusername();\n//melakukan deposit rekening dollar\ncy.log('memilih rekening');\nBanking.selectaccount('1004');\n//assertion\ncy.contains('Harry Potter').should('be.visible');\ncy.contains('Account Number : 1004').should('be.visible');\ncy.contains('Currency : Dollar').should('be.visible');\nBanking.deposit();\ncy.log('memasukan jumlah');\nBanking.enteramount('%$#@&^!');\nBanking.submitdeposit();\ncy.get('input[ng-model=\"amount\"]').should('have.prop', 'validationMessage', 'Please fill out this field.');",
              "err": {},
              "uuid": "55591d2f-aef6-447b-be66-4ac772b58021",
              "parentUUID": "4fb3c535-e6e7-4c3e-b754-aac4de22b370",
              "isHook": false,
              "skipped": false
            },
            {
              "title": "Harus Tidak Ada Respons Saat Deposit Menggunakan Nilai minus  di rekening Dollar",
              "fullTitle": "Validasi Fitur User di rekening Dollar  Harus Tidak Ada Respons Saat Deposit Menggunakan Nilai minus  di rekening Dollar",
              "timedOut": null,
              "duration": 2988,
              "state": "passed",
              "speed": "fast",
              "pass": true,
              "fail": false,
              "pending": false,
              "context": null,
              "code": "//memilih user\ncy.log('Memilih user');\nBanking.selectuser('Harry Potter');\nBanking.loginusername();\n//melakukan deposit rekening dollar\ncy.log('memilih rekening');\nBanking.selectaccount('1004');\n//assertion\ncy.contains('Harry Potter').should('be.visible');\ncy.contains('Account Number : 1004').should('be.visible');\ncy.contains('Currency : Dollar').should('be.visible');\nBanking.deposit();\ncy.log('memasukan jumlah');\nBanking.enteramount('-1000');\nBanking.submitdeposit();\ncy.get('button[type=\"submit\"]').should('not.be.disabled');",
              "err": {},
              "uuid": "44df6b01-60d4-4bf3-931d-8a12af87245e",
              "parentUUID": "4fb3c535-e6e7-4c3e-b754-aac4de22b370",
              "isHook": false,
              "skipped": false
            },
            {
              "title": "Harus menampilkan pesan error saat deposit menggunakan huruf dan angka di rekening Dollar",
              "fullTitle": "Validasi Fitur User di rekening Dollar  Harus menampilkan pesan error saat deposit menggunakan huruf dan angka di rekening Dollar",
              "timedOut": null,
              "duration": 3132,
              "state": "passed",
              "speed": "fast",
              "pass": true,
              "fail": false,
              "pending": false,
              "context": null,
              "code": "//memilih user\ncy.log('Memilih user');\nBanking.selectuser('Harry Potter');\nBanking.loginusername();\n//melakukan deposit rekening dollar\ncy.log('memilih rekening');\nBanking.selectaccount('1004');\n//assertion\ncy.contains('Harry Potter').should('be.visible');\ncy.contains('Account Number : 1004').should('be.visible');\ncy.contains('Currency : Dollar').should('be.visible');\nBanking.deposit();\ncy.log('memasukan jumlah');\nBanking.enteramount('100adfgh');\nBanking.submitdeposit();\ncy.get('input[ng-model=\"amount\"]').should('have.prop', 'validationMessage', 'Please fill out this field.');",
              "err": {},
              "uuid": "1231d0e8-6481-43f6-840e-6626015745d8",
              "parentUUID": "4fb3c535-e6e7-4c3e-b754-aac4de22b370",
              "isHook": false,
              "skipped": false
            },
            {
              "title": "Harus berhasil menambahkan nilai ke rekening dollar",
              "fullTitle": "Validasi Fitur User di rekening Dollar  Harus berhasil menambahkan nilai ke rekening dollar",
              "timedOut": null,
              "duration": 3041,
              "state": "passed",
              "speed": "fast",
              "pass": true,
              "fail": false,
              "pending": false,
              "context": null,
              "code": "//memilih user\ncy.log('Memilih user');\nBanking.selectuser('Harry Potter');\nBanking.loginusername();\n//melakukan deposit rekening dollar\ncy.log('memilih rekening');\nBanking.selectaccount('1004');\nBanking.deposit();\ncy.log('memasukan jumlah');\nBanking.enteramount('5000');\nBanking.submitdeposit();\n//assertion\ncy.log('muncul assertion');\ncy.contains('span', 'Deposit Successful').should('be.visible');",
              "err": {},
              "uuid": "ae9f8f2c-89ce-42b9-a131-07cbc8c763e2",
              "parentUUID": "4fb3c535-e6e7-4c3e-b754-aac4de22b370",
              "isHook": false,
              "skipped": false
            },
            {
              "title": "Harus muncul pesan error saat withdrawl menggunakan huruf di rekening Dollar",
              "fullTitle": "Validasi Fitur User di rekening Dollar  Harus muncul pesan error saat withdrawl menggunakan huruf di rekening Dollar",
              "timedOut": null,
              "duration": 2922,
              "state": "passed",
              "speed": "fast",
              "pass": true,
              "fail": false,
              "pending": false,
              "context": null,
              "code": "//memilih user\ncy.log('Memilih user');\nBanking.selectuser('Harry Potter');\nBanking.loginusername();\n//memilih rekening\ncy.log('memilih rekening');\nBanking.selectaccount('1004');\n//masuk menu withdrawl\nBanking.withdrawl();\ncy.contains('Amount to be Withdrawn :').should('be.visible');\ncy.log('memasukan jumlah');\nBanking.enterwithdrawl('affffk');\ncy.get('input[ng-model=\"amount\"]').should('have.prop', 'validationMessage', 'Please fill out this field.');",
              "err": {},
              "uuid": "eee8248d-6e43-4705-9af5-9f8a09c9e938",
              "parentUUID": "4fb3c535-e6e7-4c3e-b754-aac4de22b370",
              "isHook": false,
              "skipped": false
            },
            {
              "title": "Harus muncul pesan error saat withdrawl mengunakan simbol di rekening dollar ",
              "fullTitle": "Validasi Fitur User di rekening Dollar  Harus muncul pesan error saat withdrawl mengunakan simbol di rekening dollar ",
              "timedOut": null,
              "duration": 3622,
              "state": "passed",
              "speed": "fast",
              "pass": true,
              "fail": false,
              "pending": false,
              "context": null,
              "code": "//memilih user\ncy.log('Memilih user');\nBanking.selectuser('Harry Potter');\nBanking.loginusername();\n//memilih rekening\ncy.log('memilih rekening');\nBanking.selectaccount('1004');\n//masuk menu withdrawl\nBanking.withdrawl();\ncy.contains('Amount to be Withdrawn :').should('be.visible');\ncy.log('memasukan jumlah');\nBanking.enterwithdrawl('@#$%^&*');\ncy.get('input[ng-model=\"amount\"]').should('have.prop', 'validationMessage', 'Please fill out this field.');",
              "err": {},
              "uuid": "c4d4be4f-f85f-47b8-a6e6-bc51b1b0d114",
              "parentUUID": "4fb3c535-e6e7-4c3e-b754-aac4de22b370",
              "isHook": false,
              "skipped": false
            },
            {
              "title": "Harus Tidak Ada Respons Saat withdrawl Menggunakan Nilai minus  di rekening Dollar",
              "fullTitle": "Validasi Fitur User di rekening Dollar  Harus Tidak Ada Respons Saat withdrawl Menggunakan Nilai minus  di rekening Dollar",
              "timedOut": null,
              "duration": 4008,
              "state": "passed",
              "speed": "fast",
              "pass": true,
              "fail": false,
              "pending": false,
              "context": null,
              "code": "cy.log('Memilih user');\nBanking.selectuser('Harry Potter');\nBanking.loginusername();\n//melakukan deposit rekening dollar\ncy.log('memilih rekening');\nBanking.selectaccount('1004');\n//assertion\ncy.contains('Harry Potter').should('be.visible');\ncy.contains('Account Number : 1004').should('be.visible');\ncy.contains('Currency : Dollar').should('be.visible');\nBanking.deposit();\ncy.log('memasukan jumlah');\nBanking.enteramount('1000');\nBanking.submitdeposit();\n//masuk menu withdrawl\nBanking.withdrawl();\ncy.contains('Amount to be Withdrawn :').should('be.visible');\ncy.log('memasukan jumlah');\nBanking.enterwithdrawl('-1000');\ncy.get('button[type=\"submit\"]').should('not.be.disabled');",
              "err": {},
              "uuid": "86e8b5fd-b371-49cc-b5cd-ebdeb5f8c421",
              "parentUUID": "4fb3c535-e6e7-4c3e-b754-aac4de22b370",
              "isHook": false,
              "skipped": false
            },
            {
              "title": "Withdrawal harus ditolak ketika jumlah melebihi saldo di rekening Dollar",
              "fullTitle": "Validasi Fitur User di rekening Dollar  Withdrawal harus ditolak ketika jumlah melebihi saldo di rekening Dollar",
              "timedOut": null,
              "duration": 3928,
              "state": "passed",
              "speed": "fast",
              "pass": true,
              "fail": false,
              "pending": false,
              "context": null,
              "code": "cy.log('Memilih user');\nBanking.selectuser('Harry Potter');\nBanking.loginusername();\n//melakukan deposit rekening dollar\ncy.log('memilih rekening');\nBanking.selectaccount('1004');\n//assertion\ncy.contains('Harry Potter').should('be.visible');\ncy.contains('Account Number : 1004').should('be.visible');\ncy.contains('Currency : Dollar').should('be.visible');\nBanking.deposit();\ncy.log('memasukan jumlah');\nBanking.enteramount('5000');\nBanking.submitdeposit();\n//assertion\ncy.log('muncul assertion');\ncy.contains('span', 'Deposit Successful').should('be.visible');\n//masuk menu withdrawl\nBanking.withdrawl();\ncy.contains('Amount to be Withdrawn :').should('be.visible');\ncy.log('memasukan jumlah');\nBanking.enterwithdrawl('7000');\nBanking.submitwithdrawl();\n//assertion\ncy.contains('Transaction Failed. You can not withdraw amount more than the balance.').should('be.visible');",
              "err": {},
              "uuid": "66f87657-0220-4541-bd44-a8d42be1eaf9",
              "parentUUID": "4fb3c535-e6e7-4c3e-b754-aac4de22b370",
              "isHook": false,
              "skipped": false
            },
            {
              "title": "Harus berhasil melakukan withdrawl di rekening Dollar",
              "fullTitle": "Validasi Fitur User di rekening Dollar  Harus berhasil melakukan withdrawl di rekening Dollar",
              "timedOut": null,
              "duration": 3638,
              "state": "passed",
              "speed": "fast",
              "pass": true,
              "fail": false,
              "pending": false,
              "context": null,
              "code": "cy.log('Memilih user');\nBanking.selectuser('Harry Potter');\nBanking.loginusername();\n//melakukan deposit rekening dollar\ncy.log('memilih rekening');\nBanking.selectaccount('1004');\n//assertion\ncy.contains('Harry Potter').should('be.visible');\ncy.contains('Account Number : 1004').should('be.visible');\ncy.contains('Currency : Dollar').should('be.visible');\nBanking.deposit();\ncy.log('memasukan jumlah');\nBanking.enteramount('5000');\nBanking.submitdeposit();\n//assertion\ncy.log('muncul assertion');\ncy.contains('span', 'Deposit Successful').should('be.visible');\n//masuk menu withdrawl\nBanking.withdrawl();\ncy.contains('Amount to be Withdrawn :').should('be.visible');\ncy.log('memasukan jumlah');\nBanking.enterwithdrawl('2000');\nBanking.submitwithdrawl();\n//assertion\ncy.contains('Transaction successful').should('be.visible');",
              "err": {},
              "uuid": "e4f234c2-6d4b-4799-b546-b70cdb705672",
              "parentUUID": "4fb3c535-e6e7-4c3e-b754-aac4de22b370",
              "isHook": false,
              "skipped": false
            },
            {
              "title": "Harus berhasil melakukan Logout di halaman user",
              "fullTitle": "Validasi Fitur User di rekening Dollar  Harus berhasil melakukan Logout di halaman user",
              "timedOut": null,
              "duration": 2019,
              "state": "passed",
              "speed": "fast",
              "pass": true,
              "fail": false,
              "pending": false,
              "context": null,
              "code": "cy.log('Memilih user');\nBanking.selectuser('Harry Potter');\nBanking.loginusername();\n//assertion\ncy.contains('Harry Potter').should('be.visible');\ncy.contains('Account Number : 1004').should('be.visible');\ncy.contains('Currency : Dollar').should('be.visible');\n//logouta\ncy.log('melakukan logout');\nBanking.Logout();\n//assertion\ncy.contains('Your Name :').should('be.visible');\ncy.get('#userSelect').should('exist').and('be.visible');",
              "err": {},
              "uuid": "51d8dc7c-87c2-412f-83a3-2983678f826a",
              "parentUUID": "4fb3c535-e6e7-4c3e-b754-aac4de22b370",
              "isHook": false,
              "skipped": false
            },
            {
              "title": "Harus berhasil memvalidasi tombol navigasi Home di halaman user",
              "fullTitle": "Validasi Fitur User di rekening Dollar  Harus berhasil memvalidasi tombol navigasi Home di halaman user",
              "timedOut": null,
              "duration": 1908,
              "state": "passed",
              "speed": "fast",
              "pass": true,
              "fail": false,
              "pending": false,
              "context": null,
              "code": "cy.log('Memilih user');\nBanking.selectuser('Harry Potter');\nBanking.loginusername();\n//assertion\ncy.contains('Harry Potter').should('be.visible');\ncy.contains('Account Number : 1004').should('be.visible');\ncy.contains('Currency : Dollar').should('be.visible');\ncy.log('kembali ke halaman utama');\nBanking.navigateTohome();\n//assertion\ncy.get('button[ng-click=\"home()\"]').should('be.visible');\ncy.get('button[ng-click=\"customer()\"]').should('be.visible');\ncy.get('button[ng-click=\"manager()\"]').should('be.visible');",
              "err": {},
              "uuid": "ac13fc80-5650-4745-99c3-6f1883d384c4",
              "parentUUID": "4fb3c535-e6e7-4c3e-b754-aac4de22b370",
              "isHook": false,
              "skipped": false
            }
          ],
          "suites": [],
          "passes": [
            "b8b323d2-2c27-4cda-a9ea-a044369d920a",
            "55591d2f-aef6-447b-be66-4ac772b58021",
            "44df6b01-60d4-4bf3-931d-8a12af87245e",
            "1231d0e8-6481-43f6-840e-6626015745d8",
            "ae9f8f2c-89ce-42b9-a131-07cbc8c763e2",
            "eee8248d-6e43-4705-9af5-9f8a09c9e938",
            "c4d4be4f-f85f-47b8-a6e6-bc51b1b0d114",
            "86e8b5fd-b371-49cc-b5cd-ebdeb5f8c421",
            "66f87657-0220-4541-bd44-a8d42be1eaf9",
            "e4f234c2-6d4b-4799-b546-b70cdb705672",
            "51d8dc7c-87c2-412f-83a3-2983678f826a",
            "ac13fc80-5650-4745-99c3-6f1883d384c4"
          ],
          "failures": [],
          "pending": [],
          "skipped": [],
          "duration": 38868,
          "root": false,
          "rootEmpty": false,
          "_timeout": 2000
        }
      ],
      "passes": [],
      "failures": [],
      "pending": [],
      "skipped": [],
      "duration": 0,
      "root": true,
      "rootEmpty": true,
      "_timeout": 2000
    }
  ],
  "meta": {
    "mocha": {
      "version": "7.0.1"
    },
    "mochawesome": {
      "options": {
        "quiet": false,
        "reportFilename": "mochawesome",
        "saveHtml": false,
        "saveJson": true,
        "consoleReporter": "spec",
        "useInlineDiffs": false,
        "code": true
      },
      "version": "7.1.3"
    },
    "marge": {
      "options": {
        "reportDir": "cypress/results",
        "overwrite": false,
        "html": false
      },
      "version": "6.2.0"
    }
  }
}